<?xml version="1.0" encoding="UTF-8"?>
<!-- Generated by org.testng.reporters.JUnitXMLReporter -->
<testsuite hostname="LAPTOP-DVRGHC2L" ignored="0" name="Test" tests="4" failures="0" timestamp="2020-01-03T15:19:28 IST" time="38.823" errors="0">
  <testcase name="@BeforeMethod beforeMethod" time="20.113" classname="com.testcases.S23467_Create_Account_ValidationTest">
    <failure type="org.openqa.selenium.SessionNotCreatedException" message="session not created
from disconnected: received Inspector.detached event
  (Session info: chrome=79.0.3945.88)
Build info: version: &amp;apos;3.141.59&amp;apos;, revision: &amp;apos;e82be7d358&amp;apos;, time: &amp;apos;2018-11-14T08:17:03&amp;apos;
System info: host: &amp;apos;LAPTOP-DVRGHC2L&amp;apos;, ip: &amp;apos;192.168.0.51&amp;apos;, os.name: &amp;apos;Windows 10&amp;apos;, os.arch: &amp;apos;amd64&amp;apos;, os.version: &amp;apos;10.0&amp;apos;, java.version: &amp;apos;1.8.0_231&amp;apos;
Driver info: driver.version: ChromeDriver
remote stacktrace: Backtrace:
	Ordinal0 [0x00CBA113+1548563]
	Ordinal0 [0x00C3DDA1+1039777]
	Ordinal0 [0x00BBE485+517253]
	Ordinal0 [0x00BB70CB+487627]
	Ordinal0 [0x00BB6CE9+486633]
	Ordinal0 [0x00BB65E8+484840]
	Ordinal0 [0x00BB5D33+482611]
	Ordinal0 [0x00BB5E75+482933]
	Ordinal0 [0x00BB59B5+481717]
	Ordinal0 [0x00BBD1E5+512485]
	Ordinal0 [0x00BB5968+481640]
	Ordinal0 [0x00BB628B+483979]
	Ordinal0 [0x00BB5D33+482611]
	Ordinal0 [0x00BB5E75+482933]
	Ordinal0 [0x00BB59B5+481717]
	Ordinal0 [0x00BBBB0E+506638]
	Ordinal0 [0x00BB5968+481640]
	Ordinal0 [0x00BB628B+483979]
	Ordinal0 [0x00BB5D33+482611]
	Ordinal0 [0x00BB5E75+482933]
	Ordinal0 [0x00BB59B5+481717]
	Ordinal0 [0x00BBA37C+500604]
	Ordinal0 [0x00BB5968+481640]
	Ordinal0 [0x00BB628B+483979]
	Ordinal0 [0x00BB5D33+482611]
	Ordinal0 [0x00BB5E75+482933]
	Ordinal0 [0x00BB59B5+481717]
	Ordinal0 [0x00BB9A17+498199]
	Ordinal0 [0x00BB5968+481640]
	Ordinal0 [0x00BB628B+483979]
	Ordinal0 [0x00BB5D33+482611]
	Ordinal0 [0x00BB5E75+482933]
	Ordinal0 [0x00BB59B5+481717]
	Ordinal0 [0x00BB256C+468332]
	Ordinal0 [0x00BB5968+481640]
	Ordinal0 [0x00BB5844+481348]
	Ordinal0 [0x00BBF0D0+520400]
	Ordinal0 [0x00B6C030+180272]
	Ordinal0 [0x00B6B59D+177565]
	Ordinal0 [0x00B695FB+169467]
	Ordinal0 [0x00B5160A+71178]
	Ordinal0 [0x00B52690+75408]
	Ordinal0 [0x00B52629+75305]
	Ordinal0 [0x00C571B7+1143223]
	GetHandleVerifier [0x00D52B46+507814]
	GetHandleVerifier [0x00D52864+507076]
	GetHandleVerifier [0x00D59F47+537511]
	GetHandleVerifier [0x00D53402+510050]
	Ordinal0 [0x00C4F29C+1110684]
	Ordinal0 [0x00C5938B+1151883]
	Ordinal0 [0x00C594F3+1152243]
	Ordinal0 [0x00C583F5+1147893]
	BaseThreadInitThunk [0x75BA6359+25]
	RtlGetAppContainerNamedObjectPath [0x778F7B74+228]
	RtlGetAppContainerNamedObjectPath [0x778F7B44+180]
">
      <![CDATA[org.openqa.selenium.SessionNotCreatedException: session not created
from disconnected: received Inspector.detached event
  (Session info: chrome=79.0.3945.88)
Build info: version: '3.141.59', revision: 'e82be7d358', time: '2018-11-14T08:17:03'
System info: host: 'LAPTOP-DVRGHC2L', ip: '192.168.0.51', os.name: 'Windows 10', os.arch: 'amd64', os.version: '10.0', java.version: '1.8.0_231'
Driver info: driver.version: ChromeDriver
remote stacktrace: Backtrace:
Ordinal0 [0x00CBA113+1548563]
Ordinal0 [0x00C3DDA1+1039777]
Ordinal0 [0x00BBE485+517253]
Ordinal0 [0x00BB70CB+487627]
Ordinal0 [0x00BB6CE9+486633]
Ordinal0 [0x00BB65E8+484840]
Ordinal0 [0x00BB5D33+482611]
Ordinal0 [0x00BB5E75+482933]
Ordinal0 [0x00BB59B5+481717]
Ordinal0 [0x00BBD1E5+512485]
Ordinal0 [0x00BB5968+481640]
Ordinal0 [0x00BB628B+483979]
Ordinal0 [0x00BB5D33+482611]
Ordinal0 [0x00BB5E75+482933]
Ordinal0 [0x00BB59B5+481717]
Ordinal0 [0x00BBBB0E+506638]
Ordinal0 [0x00BB5968+481640]
Ordinal0 [0x00BB628B+483979]
Ordinal0 [0x00BB5D33+482611]
Ordinal0 [0x00BB5E75+482933]
Ordinal0 [0x00BB59B5+481717]
Ordinal0 [0x00BBA37C+500604]
Ordinal0 [0x00BB5968+481640]
Ordinal0 [0x00BB628B+483979]
Ordinal0 [0x00BB5D33+482611]
Ordinal0 [0x00BB5E75+482933]
Ordinal0 [0x00BB59B5+481717]
Ordinal0 [0x00BB9A17+498199]
Ordinal0 [0x00BB5968+481640]
Ordinal0 [0x00BB628B+483979]
Ordinal0 [0x00BB5D33+482611]
Ordinal0 [0x00BB5E75+482933]
Ordinal0 [0x00BB59B5+481717]
Ordinal0 [0x00BB256C+468332]
Ordinal0 [0x00BB5968+481640]
Ordinal0 [0x00BB5844+481348]
Ordinal0 [0x00BBF0D0+520400]
Ordinal0 [0x00B6C030+180272]
Ordinal0 [0x00B6B59D+177565]
Ordinal0 [0x00B695FB+169467]
Ordinal0 [0x00B5160A+71178]
Ordinal0 [0x00B52690+75408]
Ordinal0 [0x00B52629+75305]
Ordinal0 [0x00C571B7+1143223]
GetHandleVerifier [0x00D52B46+507814]
GetHandleVerifier [0x00D52864+507076]
GetHandleVerifier [0x00D59F47+537511]
GetHandleVerifier [0x00D53402+510050]
Ordinal0 [0x00C4F29C+1110684]
Ordinal0 [0x00C5938B+1151883]
Ordinal0 [0x00C594F3+1152243]
Ordinal0 [0x00C583F5+1147893]
BaseThreadInitThunk [0x75BA6359+25]
RtlGetAppContainerNamedObjectPath [0x778F7B74+228]
RtlGetAppContainerNamedObjectPath [0x778F7B44+180]

at org.openqa.selenium.remote.W3CHandshakeResponse.lambda$errorHandler$0(W3CHandshakeResponse.java:62)
at org.openqa.selenium.remote.HandshakeResponse.lambda$getResponseFunction$0(HandshakeResponse.java:30)
at org.openqa.selenium.remote.ProtocolHandshake.lambda$createSession$0(ProtocolHandshake.java:126)
at java.util.stream.ReferencePipeline$3$1.accept(Unknown Source)
at java.util.Spliterators$ArraySpliterator.tryAdvance(Unknown Source)
at java.util.stream.ReferencePipeline.forEachWithCancel(Unknown Source)
at java.util.stream.AbstractPipeline.copyIntoWithCancel(Unknown Source)
at java.util.stream.AbstractPipeline.copyInto(Unknown Source)
at java.util.stream.AbstractPipeline.wrapAndCopyInto(Unknown Source)
at java.util.stream.FindOps$FindOp.evaluateSequential(Unknown Source)
at java.util.stream.AbstractPipeline.evaluate(Unknown Source)
at java.util.stream.ReferencePipeline.findFirst(Unknown Source)
at org.openqa.selenium.remote.ProtocolHandshake.createSession(ProtocolHandshake.java:128)
at org.openqa.selenium.remote.ProtocolHandshake.createSession(ProtocolHandshake.java:74)
at org.openqa.selenium.remote.HttpCommandExecutor.execute(HttpCommandExecutor.java:136)
at org.openqa.selenium.remote.service.DriverCommandExecutor.execute(DriverCommandExecutor.java:83)
at org.openqa.selenium.remote.RemoteWebDriver.execute(RemoteWebDriver.java:552)
at org.openqa.selenium.remote.RemoteWebDriver.startSession(RemoteWebDriver.java:213)
at org.openqa.selenium.remote.RemoteWebDriver.<init>(RemoteWebDriver.java:131)
at org.openqa.selenium.chrome.ChromeDriver.<init>(ChromeDriver.java:181)
at org.openqa.selenium.chrome.ChromeDriver.<init>(ChromeDriver.java:168)
at org.openqa.selenium.chrome.ChromeDriver.<init>(ChromeDriver.java:123)
at com.pom.utils.TestBase.intilizeDriver(TestBase.java:13)
at com.testcases.S23467_Create_Account_ValidationTest.beforeMethod(S23467_Create_Account_ValidationTest.java:23)
at java.util.ArrayList.forEach(Unknown Source)
... Removed 35 stack frames]]>
    </failure>
  </testcase> <!-- @BeforeMethod beforeMethod -->
  <testcase name="@BeforeMethod beforeMethod" time="-1.578044948381E9" classname="com.testcases.S23467_Create_Account_ValidationTest">
    <skipped/>
  </testcase> <!-- @BeforeMethod beforeMethod -->
  <testcase name="@BeforeMethod beforeMethod" time="-1.578044948392E9" classname="com.testcases.S23467_Create_Account_ValidationTest">
    <skipped/>
  </testcase> <!-- @BeforeMethod beforeMethod -->
  <testcase name="@BeforeMethod beforeMethod" time="18.377" classname="com.testcases.S78945_EditAccount_ValidationTest">
    <failure type="org.openqa.selenium.SessionNotCreatedException" message="session not created
from chrome not reachable
  (Session info: chrome=79.0.3945.88)
Build info: version: &amp;apos;3.141.59&amp;apos;, revision: &amp;apos;e82be7d358&amp;apos;, time: &amp;apos;2018-11-14T08:17:03&amp;apos;
System info: host: &amp;apos;LAPTOP-DVRGHC2L&amp;apos;, ip: &amp;apos;192.168.0.51&amp;apos;, os.name: &amp;apos;Windows 10&amp;apos;, os.arch: &amp;apos;amd64&amp;apos;, os.version: &amp;apos;10.0&amp;apos;, java.version: &amp;apos;1.8.0_231&amp;apos;
Driver info: driver.version: ChromeDriver
remote stacktrace: Backtrace:
	Ordinal0 [0x00CBA113+1548563]
	Ordinal0 [0x00C3DDA1+1039777]
	Ordinal0 [0x00BBE32E+516910]
	Ordinal0 [0x00BB8012+491538]
	Ordinal0 [0x00BB86EB+493291]
	Ordinal0 [0x00BB9855+497749]
	Ordinal0 [0x00BB5885+481413]
	Ordinal0 [0x00BBF0D0+520400]
	Ordinal0 [0x00B6C030+180272]
	Ordinal0 [0x00B6B59D+177565]
	Ordinal0 [0x00B695FB+169467]
	Ordinal0 [0x00B5160A+71178]
	Ordinal0 [0x00B52690+75408]
	Ordinal0 [0x00B52629+75305]
	Ordinal0 [0x00C571B7+1143223]
	GetHandleVerifier [0x00D52B46+507814]
	GetHandleVerifier [0x00D52864+507076]
	GetHandleVerifier [0x00D59F47+537511]
	GetHandleVerifier [0x00D53402+510050]
	Ordinal0 [0x00C4F29C+1110684]
	Ordinal0 [0x00C5938B+1151883]
	Ordinal0 [0x00C594F3+1152243]
	Ordinal0 [0x00C583F5+1147893]
	BaseThreadInitThunk [0x75BA6359+25]
	RtlGetAppContainerNamedObjectPath [0x778F7B74+228]
	RtlGetAppContainerNamedObjectPath [0x778F7B44+180]
">
      <![CDATA[org.openqa.selenium.SessionNotCreatedException: session not created
from chrome not reachable
  (Session info: chrome=79.0.3945.88)
Build info: version: '3.141.59', revision: 'e82be7d358', time: '2018-11-14T08:17:03'
System info: host: 'LAPTOP-DVRGHC2L', ip: '192.168.0.51', os.name: 'Windows 10', os.arch: 'amd64', os.version: '10.0', java.version: '1.8.0_231'
Driver info: driver.version: ChromeDriver
remote stacktrace: Backtrace:
Ordinal0 [0x00CBA113+1548563]
Ordinal0 [0x00C3DDA1+1039777]
Ordinal0 [0x00BBE32E+516910]
Ordinal0 [0x00BB8012+491538]
Ordinal0 [0x00BB86EB+493291]
Ordinal0 [0x00BB9855+497749]
Ordinal0 [0x00BB5885+481413]
Ordinal0 [0x00BBF0D0+520400]
Ordinal0 [0x00B6C030+180272]
Ordinal0 [0x00B6B59D+177565]
Ordinal0 [0x00B695FB+169467]
Ordinal0 [0x00B5160A+71178]
Ordinal0 [0x00B52690+75408]
Ordinal0 [0x00B52629+75305]
Ordinal0 [0x00C571B7+1143223]
GetHandleVerifier [0x00D52B46+507814]
GetHandleVerifier [0x00D52864+507076]
GetHandleVerifier [0x00D59F47+537511]
GetHandleVerifier [0x00D53402+510050]
Ordinal0 [0x00C4F29C+1110684]
Ordinal0 [0x00C5938B+1151883]
Ordinal0 [0x00C594F3+1152243]
Ordinal0 [0x00C583F5+1147893]
BaseThreadInitThunk [0x75BA6359+25]
RtlGetAppContainerNamedObjectPath [0x778F7B74+228]
RtlGetAppContainerNamedObjectPath [0x778F7B44+180]

at org.openqa.selenium.remote.W3CHandshakeResponse.lambda$errorHandler$0(W3CHandshakeResponse.java:62)
at org.openqa.selenium.remote.HandshakeResponse.lambda$getResponseFunction$0(HandshakeResponse.java:30)
at org.openqa.selenium.remote.ProtocolHandshake.lambda$createSession$0(ProtocolHandshake.java:126)
at java.util.stream.ReferencePipeline$3$1.accept(Unknown Source)
at java.util.Spliterators$ArraySpliterator.tryAdvance(Unknown Source)
at java.util.stream.ReferencePipeline.forEachWithCancel(Unknown Source)
at java.util.stream.AbstractPipeline.copyIntoWithCancel(Unknown Source)
at java.util.stream.AbstractPipeline.copyInto(Unknown Source)
at java.util.stream.AbstractPipeline.wrapAndCopyInto(Unknown Source)
at java.util.stream.FindOps$FindOp.evaluateSequential(Unknown Source)
at java.util.stream.AbstractPipeline.evaluate(Unknown Source)
at java.util.stream.ReferencePipeline.findFirst(Unknown Source)
at org.openqa.selenium.remote.ProtocolHandshake.createSession(ProtocolHandshake.java:128)
at org.openqa.selenium.remote.ProtocolHandshake.createSession(ProtocolHandshake.java:74)
at org.openqa.selenium.remote.HttpCommandExecutor.execute(HttpCommandExecutor.java:136)
at org.openqa.selenium.remote.service.DriverCommandExecutor.execute(DriverCommandExecutor.java:83)
at org.openqa.selenium.remote.RemoteWebDriver.execute(RemoteWebDriver.java:552)
at org.openqa.selenium.remote.RemoteWebDriver.startSession(RemoteWebDriver.java:213)
at org.openqa.selenium.remote.RemoteWebDriver.<init>(RemoteWebDriver.java:131)
at org.openqa.selenium.chrome.ChromeDriver.<init>(ChromeDriver.java:181)
at org.openqa.selenium.chrome.ChromeDriver.<init>(ChromeDriver.java:168)
at org.openqa.selenium.chrome.ChromeDriver.<init>(ChromeDriver.java:123)
at com.pom.utils.TestBase.intilizeDriver(TestBase.java:13)
at com.testcases.S78945_EditAccount_ValidationTest.beforeMethod(S78945_EditAccount_ValidationTest.java:8)
at java.util.ArrayList.forEach(Unknown Source)
... Removed 35 stack frames]]>
    </failure>
  </testcase> <!-- @BeforeMethod beforeMethod -->
  <testcase name="createAccountTestCase" time="0.0" classname="com.testcases.S23467_Create_Account_ValidationTest">
    <skipped/>
  </testcase> <!-- createAccountTestCase -->
  <testcase name="editAccountTestCase" time="0.0" classname="com.testcases.S23467_Create_Account_ValidationTest">
    <skipped/>
  </testcase> <!-- editAccountTestCase -->
  <testcase name="m1" time="0.0" classname="com.testcases.S23467_Create_Account_ValidationTest">
    <skipped/>
  </testcase> <!-- m1 -->
  <testcase name="editAccountTestCase" time="0.0" classname="com.testcases.S78945_EditAccount_ValidationTest">
    <skipped/>
  </testcase> <!-- editAccountTestCase -->
</testsuite> <!-- Test -->
