<!DOCTYPE html>

<html>
  <head>
  <meta charset='utf-8'>
  <title>TestNG reports</title>

    <link type="text/css" href="testng-reports.css" rel="stylesheet" />
    <script type="text/javascript" src="jquery-1.7.1.min.js"></script>
    <script type="text/javascript" src="testng-reports.js"></script>
    <script type="text/javascript" src="https://www.google.com/jsapi"></script>
    <script type='text/javascript'>
      google.load('visualization', '1', {packages:['table']});
      google.setOnLoadCallback(drawTable);
      var suiteTableInitFunctions = new Array();
      var suiteTableData = new Array();
    </script>
    <!--
      <script type="text/javascript" src="jquery-ui/js/jquery-ui-1.8.16.custom.min.js"></script>
     -->
  </head>

  <body>
    <div class="top-banner-root">
      <span class="top-banner-title-font">Test results</span>
      <br/>
      <span class="top-banner-font-1">1 suite</span>
    </div> <!-- top-banner-root -->
    <div class="navigator-root">
      <div class="navigator-suite-header">
        <span>All suites</span>
        <a href="#" class="collapse-all-link" title="Collapse/expand all the suites">
          <img class="collapse-all-icon" src="collapseall.gif">
          </img> <!-- collapse-all-icon -->
        </a> <!-- collapse-all-link -->
      </div> <!-- navigator-suite-header -->
      <div class="suite">
        <div class="rounded-window">
          <div class="suite-header light-rounded-window-top">
            <a href="#" class="navigator-link" panel-name="suite-Suite">
              <span class="suite-name border-skipped">Suite</span>
            </a> <!-- navigator-link -->
          </div> <!-- suite-header light-rounded-window-top -->
          <div class="navigator-suite-content">
            <div class="suite-section-title">
              <span>Info</span>
            </div> <!-- suite-section-title -->
            <div class="suite-section-content">
              <ul>
                <li>
                  <a href="#" class="navigator-link " panel-name="test-xml-Suite">
                    <span>C:\Users\other user\shiv\POM\src\test\resources\testngSuite.xml</span>
                  </a> <!-- navigator-link  -->
                </li>
                <li>
                  <a href="#" class="navigator-link " panel-name="testlist-Suite">
                    <span class="test-stats">1 test</span>
                  </a> <!-- navigator-link  -->
                </li>
                <li>
                  <a href="#" class="navigator-link " panel-name="group-Suite">
                    <span>0 groups</span>
                  </a> <!-- navigator-link  -->
                </li>
                <li>
                  <a href="#" class="navigator-link " panel-name="times-Suite">
                    <span>Times</span>
                  </a> <!-- navigator-link  -->
                </li>
                <li>
                  <a href="#" class="navigator-link " panel-name="reporter-Suite">
                    <span>Reporter output</span>
                  </a> <!-- navigator-link  -->
                </li>
                <li>
                  <a href="#" class="navigator-link " panel-name="ignored-methods-Suite">
                    <span>Ignored methods</span>
                  </a> <!-- navigator-link  -->
                </li>
                <li>
                  <a href="#" class="navigator-link " panel-name="chronological-Suite">
                    <span>Chronological view</span>
                  </a> <!-- navigator-link  -->
                </li>
              </ul>
            </div> <!-- suite-section-content -->
            <div class="result-section">
              <div class="suite-section-title">
                <span>Results</span>
              </div> <!-- suite-section-title -->
              <div class="suite-section-content">
                <ul>
                  <li>
                    <span class="method-stats">4 methods,  4 skipped,  </span>
                  </li>
                  <li>
                    <span class="method-list-title skipped">Skipped methods</span>
                    <span class="show-or-hide-methods skipped">
                      <a href="#" panel-name="suite-Suite" class="hide-methods skipped suite-Suite"> (hide)</a> <!-- hide-methods skipped suite-Suite -->
                      <a href="#" panel-name="suite-Suite" class="show-methods skipped suite-Suite"> (show)</a> <!-- show-methods skipped suite-Suite -->
                    </span>
                    <div class="method-list-content skipped suite-Suite">
                      <span>
                        <img width="3%" src="skipped.png"/>
                        <a href="#" class="method navigator-link" panel-name="suite-Suite" title="com.testcases.S23467_Create_Account_ValidationTest" hash-for-method="createAccountTestCase">createAccountTestCase</a> <!-- method navigator-link -->
                      </span>
                      <br/>
                      <span>
                        <img width="3%" src="skipped.png"/>
                        <a href="#" class="method navigator-link" panel-name="suite-Suite" title="com.testcases.S23467_Create_Account_ValidationTest" hash-for-method="editAccountTestCase">editAccountTestCase</a> <!-- method navigator-link -->
                      </span>
                      <br/>
                      <span>
                        <img width="3%" src="skipped.png"/>
                        <a href="#" class="method navigator-link" panel-name="suite-Suite" title="com.testcases.S78945_EditAccount_ValidationTest" hash-for-method="editAccountTestCase">editAccountTestCase</a> <!-- method navigator-link -->
                      </span>
                      <br/>
                      <span>
                        <img width="3%" src="skipped.png"/>
                        <a href="#" class="method navigator-link" panel-name="suite-Suite" title="com.testcases.S23467_Create_Account_ValidationTest" hash-for-method="m1">m1</a> <!-- method navigator-link -->
                      </span>
                      <br/>
                    </div> <!-- method-list-content skipped suite-Suite -->
                  </li>
                </ul>
              </div> <!-- suite-section-content -->
            </div> <!-- result-section -->
          </div> <!-- navigator-suite-content -->
        </div> <!-- rounded-window -->
      </div> <!-- suite -->
    </div> <!-- navigator-root -->
    <div class="wrapper">
      <div class="main-panel-root">
        <div panel-name="suite-Suite" class="panel Suite">
          <div class="suite-Suite-class-skipped">
            <div class="main-panel-header rounded-window-top">
              <img src="skipped.png"/>
              <span class="class-name">com.testcases.S23467_Create_Account_ValidationTest</span>
            </div> <!-- main-panel-header rounded-window-top -->
            <div class="main-panel-content rounded-window-bottom">
              <div class="method">
                <div class="method-content">
                  <a name="createAccountTestCase">
                  </a> <!-- createAccountTestCase -->
                  <span class="method-name">createAccountTestCase</span>
                  <div class="stack-trace">org.openqa.selenium.SessionNotCreatedException: session not created
from disconnected: received Inspector.detached event
  (Session info: chrome=79.0.3945.88)
Build info: version: &apos;3.141.59&apos;, revision: &apos;e82be7d358&apos;, time: &apos;2018-11-14T08:17:03&apos;
System info: host: &apos;LAPTOP-DVRGHC2L&apos;, ip: &apos;192.168.0.51&apos;, os.name: &apos;Windows 10&apos;, os.arch: &apos;amd64&apos;, os.version: &apos;10.0&apos;, java.version: &apos;1.8.0_231&apos;
Driver info: driver.version: ChromeDriver
remote stacktrace: Backtrace:
	Ordinal0 [0x00CBA113+1548563]
	Ordinal0 [0x00C3DDA1+1039777]
	Ordinal0 [0x00BBE485+517253]
	Ordinal0 [0x00BB70CB+487627]
	Ordinal0 [0x00BB6CE9+486633]
	Ordinal0 [0x00BB65E8+484840]
	Ordinal0 [0x00BB5D33+482611]
	Ordinal0 [0x00BB5E75+482933]
	Ordinal0 [0x00BB59B5+481717]
	Ordinal0 [0x00BBD1E5+512485]
	Ordinal0 [0x00BB5968+481640]
	Ordinal0 [0x00BB628B+483979]
	Ordinal0 [0x00BB5D33+482611]
	Ordinal0 [0x00BB5E75+482933]
	Ordinal0 [0x00BB59B5+481717]
	Ordinal0 [0x00BBBB0E+506638]
	Ordinal0 [0x00BB5968+481640]
	Ordinal0 [0x00BB628B+483979]
	Ordinal0 [0x00BB5D33+482611]
	Ordinal0 [0x00BB5E75+482933]
	Ordinal0 [0x00BB59B5+481717]
	Ordinal0 [0x00BBA37C+500604]
	Ordinal0 [0x00BB5968+481640]
	Ordinal0 [0x00BB628B+483979]
	Ordinal0 [0x00BB5D33+482611]
	Ordinal0 [0x00BB5E75+482933]
	Ordinal0 [0x00BB59B5+481717]
	Ordinal0 [0x00BB9A17+498199]
	Ordinal0 [0x00BB5968+481640]
	Ordinal0 [0x00BB628B+483979]
	Ordinal0 [0x00BB5D33+482611]
	Ordinal0 [0x00BB5E75+482933]
	Ordinal0 [0x00BB59B5+481717]
	Ordinal0 [0x00BB256C+468332]
	Ordinal0 [0x00BB5968+481640]
	Ordinal0 [0x00BB5844+481348]
	Ordinal0 [0x00BBF0D0+520400]
	Ordinal0 [0x00B6C030+180272]
	Ordinal0 [0x00B6B59D+177565]
	Ordinal0 [0x00B695FB+169467]
	Ordinal0 [0x00B5160A+71178]
	Ordinal0 [0x00B52690+75408]
	Ordinal0 [0x00B52629+75305]
	Ordinal0 [0x00C571B7+1143223]
	GetHandleVerifier [0x00D52B46+507814]
	GetHandleVerifier [0x00D52864+507076]
	GetHandleVerifier [0x00D59F47+537511]
	GetHandleVerifier [0x00D53402+510050]
	Ordinal0 [0x00C4F29C+1110684]
	Ordinal0 [0x00C5938B+1151883]
	Ordinal0 [0x00C594F3+1152243]
	Ordinal0 [0x00C583F5+1147893]
	BaseThreadInitThunk [0x75BA6359+25]
	RtlGetAppContainerNamedObjectPath [0x778F7B74+228]
	RtlGetAppContainerNamedObjectPath [0x778F7B44+180]

	at org.openqa.selenium.remote.W3CHandshakeResponse.lambda$errorHandler$0(W3CHandshakeResponse.java:62)
	at org.openqa.selenium.remote.HandshakeResponse.lambda$getResponseFunction$0(HandshakeResponse.java:30)
	at org.openqa.selenium.remote.ProtocolHandshake.lambda$createSession$0(ProtocolHandshake.java:126)
	at java.util.stream.ReferencePipeline$3$1.accept(Unknown Source)
	at java.util.Spliterators$ArraySpliterator.tryAdvance(Unknown Source)
	at java.util.stream.ReferencePipeline.forEachWithCancel(Unknown Source)
	at java.util.stream.AbstractPipeline.copyIntoWithCancel(Unknown Source)
	at java.util.stream.AbstractPipeline.copyInto(Unknown Source)
	at java.util.stream.AbstractPipeline.wrapAndCopyInto(Unknown Source)
	at java.util.stream.FindOps$FindOp.evaluateSequential(Unknown Source)
	at java.util.stream.AbstractPipeline.evaluate(Unknown Source)
	at java.util.stream.ReferencePipeline.findFirst(Unknown Source)
	at org.openqa.selenium.remote.ProtocolHandshake.createSession(ProtocolHandshake.java:128)
	at org.openqa.selenium.remote.ProtocolHandshake.createSession(ProtocolHandshake.java:74)
	at org.openqa.selenium.remote.HttpCommandExecutor.execute(HttpCommandExecutor.java:136)
	at org.openqa.selenium.remote.service.DriverCommandExecutor.execute(DriverCommandExecutor.java:83)
	at org.openqa.selenium.remote.RemoteWebDriver.execute(RemoteWebDriver.java:552)
	at org.openqa.selenium.remote.RemoteWebDriver.startSession(RemoteWebDriver.java:213)
	at org.openqa.selenium.remote.RemoteWebDriver.&lt;init&gt;(RemoteWebDriver.java:131)
	at org.openqa.selenium.chrome.ChromeDriver.&lt;init&gt;(ChromeDriver.java:181)
	at org.openqa.selenium.chrome.ChromeDriver.&lt;init&gt;(ChromeDriver.java:168)
	at org.openqa.selenium.chrome.ChromeDriver.&lt;init&gt;(ChromeDriver.java:123)
	at com.pom.utils.TestBase.intilizeDriver(TestBase.java:13)
	at com.testcases.S23467_Create_Account_ValidationTest.beforeMethod(S23467_Create_Account_ValidationTest.java:23)
	at java.util.ArrayList.forEach(Unknown Source)
... Removed 35 stack frames
</div> <!-- stack-trace -->
                </div> <!-- method-content -->
              </div> <!-- method -->
              <div class="method">
                <div class="method-content">
                  <a name="editAccountTestCase">
                  </a> <!-- editAccountTestCase -->
                  <span class="method-name">editAccountTestCase</span>
                  <div class="stack-trace">org.openqa.selenium.SessionNotCreatedException: session not created
from disconnected: received Inspector.detached event
  (Session info: chrome=79.0.3945.88)
Build info: version: &apos;3.141.59&apos;, revision: &apos;e82be7d358&apos;, time: &apos;2018-11-14T08:17:03&apos;
System info: host: &apos;LAPTOP-DVRGHC2L&apos;, ip: &apos;192.168.0.51&apos;, os.name: &apos;Windows 10&apos;, os.arch: &apos;amd64&apos;, os.version: &apos;10.0&apos;, java.version: &apos;1.8.0_231&apos;
Driver info: driver.version: ChromeDriver
remote stacktrace: Backtrace:
	Ordinal0 [0x00CBA113+1548563]
	Ordinal0 [0x00C3DDA1+1039777]
	Ordinal0 [0x00BBE485+517253]
	Ordinal0 [0x00BB70CB+487627]
	Ordinal0 [0x00BB6CE9+486633]
	Ordinal0 [0x00BB65E8+484840]
	Ordinal0 [0x00BB5D33+482611]
	Ordinal0 [0x00BB5E75+482933]
	Ordinal0 [0x00BB59B5+481717]
	Ordinal0 [0x00BBD1E5+512485]
	Ordinal0 [0x00BB5968+481640]
	Ordinal0 [0x00BB628B+483979]
	Ordinal0 [0x00BB5D33+482611]
	Ordinal0 [0x00BB5E75+482933]
	Ordinal0 [0x00BB59B5+481717]
	Ordinal0 [0x00BBBB0E+506638]
	Ordinal0 [0x00BB5968+481640]
	Ordinal0 [0x00BB628B+483979]
	Ordinal0 [0x00BB5D33+482611]
	Ordinal0 [0x00BB5E75+482933]
	Ordinal0 [0x00BB59B5+481717]
	Ordinal0 [0x00BBA37C+500604]
	Ordinal0 [0x00BB5968+481640]
	Ordinal0 [0x00BB628B+483979]
	Ordinal0 [0x00BB5D33+482611]
	Ordinal0 [0x00BB5E75+482933]
	Ordinal0 [0x00BB59B5+481717]
	Ordinal0 [0x00BB9A17+498199]
	Ordinal0 [0x00BB5968+481640]
	Ordinal0 [0x00BB628B+483979]
	Ordinal0 [0x00BB5D33+482611]
	Ordinal0 [0x00BB5E75+482933]
	Ordinal0 [0x00BB59B5+481717]
	Ordinal0 [0x00BB256C+468332]
	Ordinal0 [0x00BB5968+481640]
	Ordinal0 [0x00BB5844+481348]
	Ordinal0 [0x00BBF0D0+520400]
	Ordinal0 [0x00B6C030+180272]
	Ordinal0 [0x00B6B59D+177565]
	Ordinal0 [0x00B695FB+169467]
	Ordinal0 [0x00B5160A+71178]
	Ordinal0 [0x00B52690+75408]
	Ordinal0 [0x00B52629+75305]
	Ordinal0 [0x00C571B7+1143223]
	GetHandleVerifier [0x00D52B46+507814]
	GetHandleVerifier [0x00D52864+507076]
	GetHandleVerifier [0x00D59F47+537511]
	GetHandleVerifier [0x00D53402+510050]
	Ordinal0 [0x00C4F29C+1110684]
	Ordinal0 [0x00C5938B+1151883]
	Ordinal0 [0x00C594F3+1152243]
	Ordinal0 [0x00C583F5+1147893]
	BaseThreadInitThunk [0x75BA6359+25]
	RtlGetAppContainerNamedObjectPath [0x778F7B74+228]
	RtlGetAppContainerNamedObjectPath [0x778F7B44+180]

	at org.openqa.selenium.remote.W3CHandshakeResponse.lambda$errorHandler$0(W3CHandshakeResponse.java:62)
	at org.openqa.selenium.remote.HandshakeResponse.lambda$getResponseFunction$0(HandshakeResponse.java:30)
	at org.openqa.selenium.remote.ProtocolHandshake.lambda$createSession$0(ProtocolHandshake.java:126)
	at java.util.stream.ReferencePipeline$3$1.accept(Unknown Source)
	at java.util.Spliterators$ArraySpliterator.tryAdvance(Unknown Source)
	at java.util.stream.ReferencePipeline.forEachWithCancel(Unknown Source)
	at java.util.stream.AbstractPipeline.copyIntoWithCancel(Unknown Source)
	at java.util.stream.AbstractPipeline.copyInto(Unknown Source)
	at java.util.stream.AbstractPipeline.wrapAndCopyInto(Unknown Source)
	at java.util.stream.FindOps$FindOp.evaluateSequential(Unknown Source)
	at java.util.stream.AbstractPipeline.evaluate(Unknown Source)
	at java.util.stream.ReferencePipeline.findFirst(Unknown Source)
	at org.openqa.selenium.remote.ProtocolHandshake.createSession(ProtocolHandshake.java:128)
	at org.openqa.selenium.remote.ProtocolHandshake.createSession(ProtocolHandshake.java:74)
	at org.openqa.selenium.remote.HttpCommandExecutor.execute(HttpCommandExecutor.java:136)
	at org.openqa.selenium.remote.service.DriverCommandExecutor.execute(DriverCommandExecutor.java:83)
	at org.openqa.selenium.remote.RemoteWebDriver.execute(RemoteWebDriver.java:552)
	at org.openqa.selenium.remote.RemoteWebDriver.startSession(RemoteWebDriver.java:213)
	at org.openqa.selenium.remote.RemoteWebDriver.&lt;init&gt;(RemoteWebDriver.java:131)
	at org.openqa.selenium.chrome.ChromeDriver.&lt;init&gt;(ChromeDriver.java:181)
	at org.openqa.selenium.chrome.ChromeDriver.&lt;init&gt;(ChromeDriver.java:168)
	at org.openqa.selenium.chrome.ChromeDriver.&lt;init&gt;(ChromeDriver.java:123)
	at com.pom.utils.TestBase.intilizeDriver(TestBase.java:13)
	at com.testcases.S23467_Create_Account_ValidationTest.beforeMethod(S23467_Create_Account_ValidationTest.java:23)
	at java.util.ArrayList.forEach(Unknown Source)
... Removed 35 stack frames
</div> <!-- stack-trace -->
                </div> <!-- method-content -->
              </div> <!-- method -->
              <div class="method">
                <div class="method-content">
                  <a name="m1">
                  </a> <!-- m1 -->
                  <span class="method-name">m1</span>
                  <div class="stack-trace">org.openqa.selenium.SessionNotCreatedException: session not created
from disconnected: received Inspector.detached event
  (Session info: chrome=79.0.3945.88)
Build info: version: &apos;3.141.59&apos;, revision: &apos;e82be7d358&apos;, time: &apos;2018-11-14T08:17:03&apos;
System info: host: &apos;LAPTOP-DVRGHC2L&apos;, ip: &apos;192.168.0.51&apos;, os.name: &apos;Windows 10&apos;, os.arch: &apos;amd64&apos;, os.version: &apos;10.0&apos;, java.version: &apos;1.8.0_231&apos;
Driver info: driver.version: ChromeDriver
remote stacktrace: Backtrace:
	Ordinal0 [0x00CBA113+1548563]
	Ordinal0 [0x00C3DDA1+1039777]
	Ordinal0 [0x00BBE485+517253]
	Ordinal0 [0x00BB70CB+487627]
	Ordinal0 [0x00BB6CE9+486633]
	Ordinal0 [0x00BB65E8+484840]
	Ordinal0 [0x00BB5D33+482611]
	Ordinal0 [0x00BB5E75+482933]
	Ordinal0 [0x00BB59B5+481717]
	Ordinal0 [0x00BBD1E5+512485]
	Ordinal0 [0x00BB5968+481640]
	Ordinal0 [0x00BB628B+483979]
	Ordinal0 [0x00BB5D33+482611]
	Ordinal0 [0x00BB5E75+482933]
	Ordinal0 [0x00BB59B5+481717]
	Ordinal0 [0x00BBBB0E+506638]
	Ordinal0 [0x00BB5968+481640]
	Ordinal0 [0x00BB628B+483979]
	Ordinal0 [0x00BB5D33+482611]
	Ordinal0 [0x00BB5E75+482933]
	Ordinal0 [0x00BB59B5+481717]
	Ordinal0 [0x00BBA37C+500604]
	Ordinal0 [0x00BB5968+481640]
	Ordinal0 [0x00BB628B+483979]
	Ordinal0 [0x00BB5D33+482611]
	Ordinal0 [0x00BB5E75+482933]
	Ordinal0 [0x00BB59B5+481717]
	Ordinal0 [0x00BB9A17+498199]
	Ordinal0 [0x00BB5968+481640]
	Ordinal0 [0x00BB628B+483979]
	Ordinal0 [0x00BB5D33+482611]
	Ordinal0 [0x00BB5E75+482933]
	Ordinal0 [0x00BB59B5+481717]
	Ordinal0 [0x00BB256C+468332]
	Ordinal0 [0x00BB5968+481640]
	Ordinal0 [0x00BB5844+481348]
	Ordinal0 [0x00BBF0D0+520400]
	Ordinal0 [0x00B6C030+180272]
	Ordinal0 [0x00B6B59D+177565]
	Ordinal0 [0x00B695FB+169467]
	Ordinal0 [0x00B5160A+71178]
	Ordinal0 [0x00B52690+75408]
	Ordinal0 [0x00B52629+75305]
	Ordinal0 [0x00C571B7+1143223]
	GetHandleVerifier [0x00D52B46+507814]
	GetHandleVerifier [0x00D52864+507076]
	GetHandleVerifier [0x00D59F47+537511]
	GetHandleVerifier [0x00D53402+510050]
	Ordinal0 [0x00C4F29C+1110684]
	Ordinal0 [0x00C5938B+1151883]
	Ordinal0 [0x00C594F3+1152243]
	Ordinal0 [0x00C583F5+1147893]
	BaseThreadInitThunk [0x75BA6359+25]
	RtlGetAppContainerNamedObjectPath [0x778F7B74+228]
	RtlGetAppContainerNamedObjectPath [0x778F7B44+180]

	at org.openqa.selenium.remote.W3CHandshakeResponse.lambda$errorHandler$0(W3CHandshakeResponse.java:62)
	at org.openqa.selenium.remote.HandshakeResponse.lambda$getResponseFunction$0(HandshakeResponse.java:30)
	at org.openqa.selenium.remote.ProtocolHandshake.lambda$createSession$0(ProtocolHandshake.java:126)
	at java.util.stream.ReferencePipeline$3$1.accept(Unknown Source)
	at java.util.Spliterators$ArraySpliterator.tryAdvance(Unknown Source)
	at java.util.stream.ReferencePipeline.forEachWithCancel(Unknown Source)
	at java.util.stream.AbstractPipeline.copyIntoWithCancel(Unknown Source)
	at java.util.stream.AbstractPipeline.copyInto(Unknown Source)
	at java.util.stream.AbstractPipeline.wrapAndCopyInto(Unknown Source)
	at java.util.stream.FindOps$FindOp.evaluateSequential(Unknown Source)
	at java.util.stream.AbstractPipeline.evaluate(Unknown Source)
	at java.util.stream.ReferencePipeline.findFirst(Unknown Source)
	at org.openqa.selenium.remote.ProtocolHandshake.createSession(ProtocolHandshake.java:128)
	at org.openqa.selenium.remote.ProtocolHandshake.createSession(ProtocolHandshake.java:74)
	at org.openqa.selenium.remote.HttpCommandExecutor.execute(HttpCommandExecutor.java:136)
	at org.openqa.selenium.remote.service.DriverCommandExecutor.execute(DriverCommandExecutor.java:83)
	at org.openqa.selenium.remote.RemoteWebDriver.execute(RemoteWebDriver.java:552)
	at org.openqa.selenium.remote.RemoteWebDriver.startSession(RemoteWebDriver.java:213)
	at org.openqa.selenium.remote.RemoteWebDriver.&lt;init&gt;(RemoteWebDriver.java:131)
	at org.openqa.selenium.chrome.ChromeDriver.&lt;init&gt;(ChromeDriver.java:181)
	at org.openqa.selenium.chrome.ChromeDriver.&lt;init&gt;(ChromeDriver.java:168)
	at org.openqa.selenium.chrome.ChromeDriver.&lt;init&gt;(ChromeDriver.java:123)
	at com.pom.utils.TestBase.intilizeDriver(TestBase.java:13)
	at com.testcases.S23467_Create_Account_ValidationTest.beforeMethod(S23467_Create_Account_ValidationTest.java:23)
	at java.util.ArrayList.forEach(Unknown Source)
... Removed 35 stack frames
</div> <!-- stack-trace -->
                </div> <!-- method-content -->
              </div> <!-- method -->
            </div> <!-- main-panel-content rounded-window-bottom -->
          </div> <!-- suite-Suite-class-skipped -->
          <div class="suite-Suite-class-skipped">
            <div class="main-panel-header rounded-window-top">
              <img src="skipped.png"/>
              <span class="class-name">com.testcases.S78945_EditAccount_ValidationTest</span>
            </div> <!-- main-panel-header rounded-window-top -->
            <div class="main-panel-content rounded-window-bottom">
              <div class="method">
                <div class="method-content">
                  <a name="editAccountTestCase">
                  </a> <!-- editAccountTestCase -->
                  <span class="method-name">editAccountTestCase</span>
                  <div class="stack-trace">org.openqa.selenium.SessionNotCreatedException: session not created
from chrome not reachable
  (Session info: chrome=79.0.3945.88)
Build info: version: &apos;3.141.59&apos;, revision: &apos;e82be7d358&apos;, time: &apos;2018-11-14T08:17:03&apos;
System info: host: &apos;LAPTOP-DVRGHC2L&apos;, ip: &apos;192.168.0.51&apos;, os.name: &apos;Windows 10&apos;, os.arch: &apos;amd64&apos;, os.version: &apos;10.0&apos;, java.version: &apos;1.8.0_231&apos;
Driver info: driver.version: ChromeDriver
remote stacktrace: Backtrace:
	Ordinal0 [0x00CBA113+1548563]
	Ordinal0 [0x00C3DDA1+1039777]
	Ordinal0 [0x00BBE32E+516910]
	Ordinal0 [0x00BB8012+491538]
	Ordinal0 [0x00BB86EB+493291]
	Ordinal0 [0x00BB9855+497749]
	Ordinal0 [0x00BB5885+481413]
	Ordinal0 [0x00BBF0D0+520400]
	Ordinal0 [0x00B6C030+180272]
	Ordinal0 [0x00B6B59D+177565]
	Ordinal0 [0x00B695FB+169467]
	Ordinal0 [0x00B5160A+71178]
	Ordinal0 [0x00B52690+75408]
	Ordinal0 [0x00B52629+75305]
	Ordinal0 [0x00C571B7+1143223]
	GetHandleVerifier [0x00D52B46+507814]
	GetHandleVerifier [0x00D52864+507076]
	GetHandleVerifier [0x00D59F47+537511]
	GetHandleVerifier [0x00D53402+510050]
	Ordinal0 [0x00C4F29C+1110684]
	Ordinal0 [0x00C5938B+1151883]
	Ordinal0 [0x00C594F3+1152243]
	Ordinal0 [0x00C583F5+1147893]
	BaseThreadInitThunk [0x75BA6359+25]
	RtlGetAppContainerNamedObjectPath [0x778F7B74+228]
	RtlGetAppContainerNamedObjectPath [0x778F7B44+180]

	at org.openqa.selenium.remote.W3CHandshakeResponse.lambda$errorHandler$0(W3CHandshakeResponse.java:62)
	at org.openqa.selenium.remote.HandshakeResponse.lambda$getResponseFunction$0(HandshakeResponse.java:30)
	at org.openqa.selenium.remote.ProtocolHandshake.lambda$createSession$0(ProtocolHandshake.java:126)
	at java.util.stream.ReferencePipeline$3$1.accept(Unknown Source)
	at java.util.Spliterators$ArraySpliterator.tryAdvance(Unknown Source)
	at java.util.stream.ReferencePipeline.forEachWithCancel(Unknown Source)
	at java.util.stream.AbstractPipeline.copyIntoWithCancel(Unknown Source)
	at java.util.stream.AbstractPipeline.copyInto(Unknown Source)
	at java.util.stream.AbstractPipeline.wrapAndCopyInto(Unknown Source)
	at java.util.stream.FindOps$FindOp.evaluateSequential(Unknown Source)
	at java.util.stream.AbstractPipeline.evaluate(Unknown Source)
	at java.util.stream.ReferencePipeline.findFirst(Unknown Source)
	at org.openqa.selenium.remote.ProtocolHandshake.createSession(ProtocolHandshake.java:128)
	at org.openqa.selenium.remote.ProtocolHandshake.createSession(ProtocolHandshake.java:74)
	at org.openqa.selenium.remote.HttpCommandExecutor.execute(HttpCommandExecutor.java:136)
	at org.openqa.selenium.remote.service.DriverCommandExecutor.execute(DriverCommandExecutor.java:83)
	at org.openqa.selenium.remote.RemoteWebDriver.execute(RemoteWebDriver.java:552)
	at org.openqa.selenium.remote.RemoteWebDriver.startSession(RemoteWebDriver.java:213)
	at org.openqa.selenium.remote.RemoteWebDriver.&lt;init&gt;(RemoteWebDriver.java:131)
	at org.openqa.selenium.chrome.ChromeDriver.&lt;init&gt;(ChromeDriver.java:181)
	at org.openqa.selenium.chrome.ChromeDriver.&lt;init&gt;(ChromeDriver.java:168)
	at org.openqa.selenium.chrome.ChromeDriver.&lt;init&gt;(ChromeDriver.java:123)
	at com.pom.utils.TestBase.intilizeDriver(TestBase.java:13)
	at com.testcases.S78945_EditAccount_ValidationTest.beforeMethod(S78945_EditAccount_ValidationTest.java:8)
	at java.util.ArrayList.forEach(Unknown Source)
... Removed 35 stack frames
</div> <!-- stack-trace -->
                </div> <!-- method-content -->
              </div> <!-- method -->
            </div> <!-- main-panel-content rounded-window-bottom -->
          </div> <!-- suite-Suite-class-skipped -->
        </div> <!-- panel Suite -->
        <div panel-name="test-xml-Suite" class="panel">
          <div class="main-panel-header rounded-window-top">
            <span class="header-content">C:\Users\other user\shiv\POM\src\test\resources\testngSuite.xml</span>
          </div> <!-- main-panel-header rounded-window-top -->
          <div class="main-panel-content rounded-window-bottom">
            <pre>
&lt;?xml version=&quot;1.0&quot; encoding=&quot;UTF-8&quot;?&gt;
&lt;!DOCTYPE suite SYSTEM &quot;https://testng.org/testng-1.0.dtd&quot;&gt;
&lt;suite name=&quot;Suite&quot;&gt;
  &lt;test thread-count=&quot;5&quot; name=&quot;Test&quot;&gt;
    &lt;packages&gt;
      &lt;package name=&quot;com.testcases&quot;/&gt;
    &lt;/packages&gt;
    &lt;classes&gt;
      &lt;class name=&quot;com.testcases.S23467_Create_Account_ValidationTest&quot;/&gt;
      &lt;class name=&quot;com.testcases.S78945_EditAccount_ValidationTest&quot;/&gt;
    &lt;/classes&gt;
  &lt;/test&gt; &lt;!-- Test --&gt;
&lt;/suite&gt; &lt;!-- Suite --&gt;
            </pre>
          </div> <!-- main-panel-content rounded-window-bottom -->
        </div> <!-- panel -->
        <div panel-name="testlist-Suite" class="panel">
          <div class="main-panel-header rounded-window-top">
            <span class="header-content">Tests for Suite</span>
          </div> <!-- main-panel-header rounded-window-top -->
          <div class="main-panel-content rounded-window-bottom">
            <ul>
              <li>
                <span class="test-name">Test (2 classes)</span>
              </li>
            </ul>
          </div> <!-- main-panel-content rounded-window-bottom -->
        </div> <!-- panel -->
        <div panel-name="group-Suite" class="panel">
          <div class="main-panel-header rounded-window-top">
            <span class="header-content">Groups for Suite</span>
          </div> <!-- main-panel-header rounded-window-top -->
          <div class="main-panel-content rounded-window-bottom">
          </div> <!-- main-panel-content rounded-window-bottom -->
        </div> <!-- panel -->
        <div panel-name="times-Suite" class="panel">
          <div class="main-panel-header rounded-window-top">
            <span class="header-content">Times for Suite</span>
          </div> <!-- main-panel-header rounded-window-top -->
          <div class="main-panel-content rounded-window-bottom">
            <div class="times-div">
              <script type="text/javascript">
suiteTableInitFunctions.push('tableData_Suite');
function tableData_Suite() {
var data = new google.visualization.DataTable();
data.addColumn('number', 'Number');
data.addColumn('string', 'Method');
data.addColumn('string', 'Class');
data.addColumn('number', 'Time (ms)');
data.addRows(4);
data.setCell(0, 0, 0)
data.setCell(0, 1, 'm1')
data.setCell(0, 2, 'com.testcases.S23467_Create_Account_ValidationTest')
data.setCell(0, 3, 0);
data.setCell(1, 0, 1)
data.setCell(1, 1, 'createAccountTestCase')
data.setCell(1, 2, 'com.testcases.S23467_Create_Account_ValidationTest')
data.setCell(1, 3, 0);
data.setCell(2, 0, 2)
data.setCell(2, 1, 'editAccountTestCase')
data.setCell(2, 2, 'com.testcases.S23467_Create_Account_ValidationTest')
data.setCell(2, 3, 0);
data.setCell(3, 0, 3)
data.setCell(3, 1, 'editAccountTestCase')
data.setCell(3, 2, 'com.testcases.S78945_EditAccount_ValidationTest')
data.setCell(3, 3, 0);
window.suiteTableData['Suite']= { tableData: data, tableDiv: 'times-div-Suite'}
return data;
}
              </script>
              <span class="suite-total-time">Total running time: 0 ms</span>
              <div id="times-div-Suite">
              </div> <!-- times-div-Suite -->
            </div> <!-- times-div -->
          </div> <!-- main-panel-content rounded-window-bottom -->
        </div> <!-- panel -->
        <div panel-name="reporter-Suite" class="panel">
          <div class="main-panel-header rounded-window-top">
            <span class="header-content">Reporter output for Suite</span>
          </div> <!-- main-panel-header rounded-window-top -->
          <div class="main-panel-content rounded-window-bottom">
          </div> <!-- main-panel-content rounded-window-bottom -->
        </div> <!-- panel -->
        <div panel-name="ignored-methods-Suite" class="panel">
          <div class="main-panel-header rounded-window-top">
            <span class="header-content">0 ignored methods</span>
          </div> <!-- main-panel-header rounded-window-top -->
          <div class="main-panel-content rounded-window-bottom">
          </div> <!-- main-panel-content rounded-window-bottom -->
        </div> <!-- panel -->
        <div panel-name="chronological-Suite" class="panel">
          <div class="main-panel-header rounded-window-top">
            <span class="header-content">Methods in chronological order</span>
          </div> <!-- main-panel-header rounded-window-top -->
          <div class="main-panel-content rounded-window-bottom">
            <div class="chronological-class">
              <div class="chronological-class-name">com.testcases.S23467_Create_Account_ValidationTest</div> <!-- chronological-class-name -->
              <div class="configuration-method before">
                <img src="failed.png">
                </img>
                <span class="method-name">beforeMethod</span>
                <span class="method-start">0 ms</span>
              </div> <!-- configuration-method before -->
              <div class="test-method">
                <span class="method-name">createAccountTestCase</span>
                <span class="method-start">20234 ms</span>
              </div> <!-- test-method -->
              <div class="configuration-method before">
                <span class="method-name">beforeMethod</span>
                <span class="method-start">20282 ms</span>
              </div> <!-- configuration-method before -->
              <div class="test-method">
                <span class="method-name">editAccountTestCase</span>
                <span class="method-start">20285 ms</span>
              </div> <!-- test-method -->
              <div class="configuration-method before">
                <span class="method-name">beforeMethod</span>
                <span class="method-start">20293 ms</span>
              </div> <!-- configuration-method before -->
              <div class="test-method">
                <span class="method-name">m1</span>
                <span class="method-start">20296 ms</span>
              </div> <!-- test-method -->
            </div> <!-- chronological-class -->
            <div class="chronological-class">
              <div class="chronological-class-name">com.testcases.S78945_EditAccount_ValidationTest</div> <!-- chronological-class-name -->
              <div class="configuration-method before">
                <img src="failed.png">
                </img>
                <span class="method-name">beforeMethod</span>
                <span class="method-start">20314 ms</span>
              </div> <!-- configuration-method before -->
              <div class="test-method">
                <span class="method-name">editAccountTestCase</span>
                <span class="method-start">38699 ms</span>
              </div> <!-- test-method -->
          </div> <!-- main-panel-content rounded-window-bottom -->
        </div> <!-- panel -->
      </div> <!-- main-panel-root -->
    </div> <!-- wrapper -->
  </body>
</html>
