<?xml version="1.0" encoding="UTF-8"?>
<testng-results skipped="4" failed="0" ignored="0" total="4" passed="0">
  <reporter-output>
  </reporter-output>
  <suite name="Suite" duration-ms="38823" started-at="2020-01-03T15:18:47 IST" finished-at="2020-01-03T15:19:26 IST">
    <groups>
    </groups>
    <test name="Test" duration-ms="38823" started-at="2020-01-03T15:18:47 IST" finished-at="2020-01-03T15:19:26 IST">
      <class name="com.testcases.S78945_EditAccount_ValidationTest">
        <test-method status="FAIL" signature="beforeMethod()[pri:0, instance:com.testcases.S78945_EditAccount_ValidationTest@30b8a058]" name="beforeMethod" is-config="true" duration-ms="18377" started-at="2020-01-03T15:19:08 IST" finished-at="2020-01-03T15:19:26 IST">
          <exception class="org.openqa.selenium.SessionNotCreatedException">
            <message>
              <![CDATA[session not created
from chrome not reachable
  (Session info: chrome=79.0.3945.88)
Build info: version: '3.141.59', revision: 'e82be7d358', time: '2018-11-14T08:17:03'
System info: host: 'LAPTOP-DVRGHC2L', ip: '192.168.0.51', os.name: 'Windows 10', os.arch: 'amd64', os.version: '10.0', java.version: '1.8.0_231'
Driver info: driver.version: ChromeDriver
remote stacktrace: Backtrace:
Ordinal0 [0x00CBA113+1548563]
Ordinal0 [0x00C3DDA1+1039777]
Ordinal0 [0x00BBE32E+516910]
Ordinal0 [0x00BB8012+491538]
Ordinal0 [0x00BB86EB+493291]
Ordinal0 [0x00BB9855+497749]
Ordinal0 [0x00BB5885+481413]
Ordinal0 [0x00BBF0D0+520400]
Ordinal0 [0x00B6C030+180272]
Ordinal0 [0x00B6B59D+177565]
Ordinal0 [0x00B695FB+169467]
Ordinal0 [0x00B5160A+71178]
Ordinal0 [0x00B52690+75408]
Ordinal0 [0x00B52629+75305]
Ordinal0 [0x00C571B7+1143223]
GetHandleVerifier [0x00D52B46+507814]
GetHandleVerifier [0x00D52864+507076]
GetHandleVerifier [0x00D59F47+537511]
GetHandleVerifier [0x00D53402+510050]
Ordinal0 [0x00C4F29C+1110684]
Ordinal0 [0x00C5938B+1151883]
Ordinal0 [0x00C594F3+1152243]
Ordinal0 [0x00C583F5+1147893]
BaseThreadInitThunk [0x75BA6359+25]
RtlGetAppContainerNamedObjectPath [0x778F7B74+228]
RtlGetAppContainerNamedObjectPath [0x778F7B44+180]
]]>
            </message>
            <full-stacktrace>
              <![CDATA[org.openqa.selenium.SessionNotCreatedException: session not created
from chrome not reachable
  (Session info: chrome=79.0.3945.88)
Build info: version: '3.141.59', revision: 'e82be7d358', time: '2018-11-14T08:17:03'
System info: host: 'LAPTOP-DVRGHC2L', ip: '192.168.0.51', os.name: 'Windows 10', os.arch: 'amd64', os.version: '10.0', java.version: '1.8.0_231'
Driver info: driver.version: ChromeDriver
remote stacktrace: Backtrace:
Ordinal0 [0x00CBA113+1548563]
Ordinal0 [0x00C3DDA1+1039777]
Ordinal0 [0x00BBE32E+516910]
Ordinal0 [0x00BB8012+491538]
Ordinal0 [0x00BB86EB+493291]
Ordinal0 [0x00BB9855+497749]
Ordinal0 [0x00BB5885+481413]
Ordinal0 [0x00BBF0D0+520400]
Ordinal0 [0x00B6C030+180272]
Ordinal0 [0x00B6B59D+177565]
Ordinal0 [0x00B695FB+169467]
Ordinal0 [0x00B5160A+71178]
Ordinal0 [0x00B52690+75408]
Ordinal0 [0x00B52629+75305]
Ordinal0 [0x00C571B7+1143223]
GetHandleVerifier [0x00D52B46+507814]
GetHandleVerifier [0x00D52864+507076]
GetHandleVerifier [0x00D59F47+537511]
GetHandleVerifier [0x00D53402+510050]
Ordinal0 [0x00C4F29C+1110684]
Ordinal0 [0x00C5938B+1151883]
Ordinal0 [0x00C594F3+1152243]
Ordinal0 [0x00C583F5+1147893]
BaseThreadInitThunk [0x75BA6359+25]
RtlGetAppContainerNamedObjectPath [0x778F7B74+228]
RtlGetAppContainerNamedObjectPath [0x778F7B44+180]

at sun.reflect.NativeConstructorAccessorImpl.newInstance0(Native Method)
at sun.reflect.NativeConstructorAccessorImpl.newInstance(Unknown Source)
at sun.reflect.DelegatingConstructorAccessorImpl.newInstance(Unknown Source)
at java.lang.reflect.Constructor.newInstance(Unknown Source)
at org.openqa.selenium.remote.W3CHandshakeResponse.lambda$errorHandler$0(W3CHandshakeResponse.java:62)
at org.openqa.selenium.remote.HandshakeResponse.lambda$getResponseFunction$0(HandshakeResponse.java:30)
at org.openqa.selenium.remote.ProtocolHandshake.lambda$createSession$0(ProtocolHandshake.java:126)
at java.util.stream.ReferencePipeline$3$1.accept(Unknown Source)
at java.util.Spliterators$ArraySpliterator.tryAdvance(Unknown Source)
at java.util.stream.ReferencePipeline.forEachWithCancel(Unknown Source)
at java.util.stream.AbstractPipeline.copyIntoWithCancel(Unknown Source)
at java.util.stream.AbstractPipeline.copyInto(Unknown Source)
at java.util.stream.AbstractPipeline.wrapAndCopyInto(Unknown Source)
at java.util.stream.FindOps$FindOp.evaluateSequential(Unknown Source)
at java.util.stream.AbstractPipeline.evaluate(Unknown Source)
at java.util.stream.ReferencePipeline.findFirst(Unknown Source)
at org.openqa.selenium.remote.ProtocolHandshake.createSession(ProtocolHandshake.java:128)
at org.openqa.selenium.remote.ProtocolHandshake.createSession(ProtocolHandshake.java:74)
at org.openqa.selenium.remote.HttpCommandExecutor.execute(HttpCommandExecutor.java:136)
at org.openqa.selenium.remote.service.DriverCommandExecutor.execute(DriverCommandExecutor.java:83)
at org.openqa.selenium.remote.RemoteWebDriver.execute(RemoteWebDriver.java:552)
at org.openqa.selenium.remote.RemoteWebDriver.startSession(RemoteWebDriver.java:213)
at org.openqa.selenium.remote.RemoteWebDriver.<init>(RemoteWebDriver.java:131)
at org.openqa.selenium.chrome.ChromeDriver.<init>(ChromeDriver.java:181)
at org.openqa.selenium.chrome.ChromeDriver.<init>(ChromeDriver.java:168)
at org.openqa.selenium.chrome.ChromeDriver.<init>(ChromeDriver.java:123)
at com.pom.utils.TestBase.intilizeDriver(TestBase.java:13)
at com.testcases.S78945_EditAccount_ValidationTest.beforeMethod(S78945_EditAccount_ValidationTest.java:8)
at sun.reflect.NativeMethodAccessorImpl.invoke0(Native Method)
at sun.reflect.NativeMethodAccessorImpl.invoke(Unknown Source)
at sun.reflect.DelegatingMethodAccessorImpl.invoke(Unknown Source)
at java.lang.reflect.Method.invoke(Unknown Source)
at org.testng.internal.MethodInvocationHelper.invokeMethod(MethodInvocationHelper.java:133)
at org.testng.internal.MethodInvocationHelper.invokeMethodConsideringTimeout(MethodInvocationHelper.java:62)
at org.testng.internal.ConfigInvoker.invokeConfigurationMethod(ConfigInvoker.java:340)
at org.testng.internal.ConfigInvoker.invokeConfigurations(ConfigInvoker.java:294)
at org.testng.internal.TestInvoker.runConfigMethods(TestInvoker.java:683)
at org.testng.internal.TestInvoker.invokeMethod(TestInvoker.java:510)
at org.testng.internal.TestInvoker.invokeTestMethod(TestInvoker.java:172)
at org.testng.internal.MethodRunner.runInSequence(MethodRunner.java:46)
at org.testng.internal.TestInvoker$MethodInvocationAgent.invoke(TestInvoker.java:804)
at org.testng.internal.TestInvoker.invokeTestMethods(TestInvoker.java:145)
at org.testng.internal.TestMethodWorker.invokeTestMethods(TestMethodWorker.java:146)
at org.testng.internal.TestMethodWorker.run(TestMethodWorker.java:128)
at java.util.ArrayList.forEach(Unknown Source)
at org.testng.TestRunner.privateRun(TestRunner.java:770)
at org.testng.TestRunner.run(TestRunner.java:591)
at org.testng.SuiteRunner.runTest(SuiteRunner.java:402)
at org.testng.SuiteRunner.runSequentially(SuiteRunner.java:396)
at org.testng.SuiteRunner.privateRun(SuiteRunner.java:355)
at org.testng.SuiteRunner.run(SuiteRunner.java:304)
at org.testng.SuiteRunnerWorker.runSuite(SuiteRunnerWorker.java:53)
at org.testng.SuiteRunnerWorker.run(SuiteRunnerWorker.java:96)
at org.testng.TestNG.runSuitesSequentially(TestNG.java:1180)
at org.testng.TestNG.runSuitesLocally(TestNG.java:1102)
at org.testng.TestNG.runSuites(TestNG.java:1032)
at org.testng.TestNG.run(TestNG.java:1000)
at org.testng.remote.AbstractRemoteTestNG.run(AbstractRemoteTestNG.java:115)
at org.testng.remote.RemoteTestNG.initAndRun(RemoteTestNG.java:251)
at org.testng.remote.RemoteTestNG.main(RemoteTestNG.java:77)
]]>
            </full-stacktrace>
          </exception> <!-- org.openqa.selenium.SessionNotCreatedException -->
          <reporter-output>
          </reporter-output>
        </test-method> <!-- beforeMethod -->
        <test-method status="SKIP" signature="editAccountTestCase()[pri:0, instance:com.testcases.S78945_EditAccount_ValidationTest@30b8a058]" name="editAccountTestCase" duration-ms="0" started-at="2020-01-03T15:19:26 IST" finished-at="2020-01-03T15:19:26 IST">
          <exception class="org.openqa.selenium.SessionNotCreatedException">
            <message>
              <![CDATA[session not created
from chrome not reachable
  (Session info: chrome=79.0.3945.88)
Build info: version: '3.141.59', revision: 'e82be7d358', time: '2018-11-14T08:17:03'
System info: host: 'LAPTOP-DVRGHC2L', ip: '192.168.0.51', os.name: 'Windows 10', os.arch: 'amd64', os.version: '10.0', java.version: '1.8.0_231'
Driver info: driver.version: ChromeDriver
remote stacktrace: Backtrace:
Ordinal0 [0x00CBA113+1548563]
Ordinal0 [0x00C3DDA1+1039777]
Ordinal0 [0x00BBE32E+516910]
Ordinal0 [0x00BB8012+491538]
Ordinal0 [0x00BB86EB+493291]
Ordinal0 [0x00BB9855+497749]
Ordinal0 [0x00BB5885+481413]
Ordinal0 [0x00BBF0D0+520400]
Ordinal0 [0x00B6C030+180272]
Ordinal0 [0x00B6B59D+177565]
Ordinal0 [0x00B695FB+169467]
Ordinal0 [0x00B5160A+71178]
Ordinal0 [0x00B52690+75408]
Ordinal0 [0x00B52629+75305]
Ordinal0 [0x00C571B7+1143223]
GetHandleVerifier [0x00D52B46+507814]
GetHandleVerifier [0x00D52864+507076]
GetHandleVerifier [0x00D59F47+537511]
GetHandleVerifier [0x00D53402+510050]
Ordinal0 [0x00C4F29C+1110684]
Ordinal0 [0x00C5938B+1151883]
Ordinal0 [0x00C594F3+1152243]
Ordinal0 [0x00C583F5+1147893]
BaseThreadInitThunk [0x75BA6359+25]
RtlGetAppContainerNamedObjectPath [0x778F7B74+228]
RtlGetAppContainerNamedObjectPath [0x778F7B44+180]
]]>
            </message>
            <full-stacktrace>
              <![CDATA[org.openqa.selenium.SessionNotCreatedException: session not created
from chrome not reachable
  (Session info: chrome=79.0.3945.88)
Build info: version: '3.141.59', revision: 'e82be7d358', time: '2018-11-14T08:17:03'
System info: host: 'LAPTOP-DVRGHC2L', ip: '192.168.0.51', os.name: 'Windows 10', os.arch: 'amd64', os.version: '10.0', java.version: '1.8.0_231'
Driver info: driver.version: ChromeDriver
remote stacktrace: Backtrace:
Ordinal0 [0x00CBA113+1548563]
Ordinal0 [0x00C3DDA1+1039777]
Ordinal0 [0x00BBE32E+516910]
Ordinal0 [0x00BB8012+491538]
Ordinal0 [0x00BB86EB+493291]
Ordinal0 [0x00BB9855+497749]
Ordinal0 [0x00BB5885+481413]
Ordinal0 [0x00BBF0D0+520400]
Ordinal0 [0x00B6C030+180272]
Ordinal0 [0x00B6B59D+177565]
Ordinal0 [0x00B695FB+169467]
Ordinal0 [0x00B5160A+71178]
Ordinal0 [0x00B52690+75408]
Ordinal0 [0x00B52629+75305]
Ordinal0 [0x00C571B7+1143223]
GetHandleVerifier [0x00D52B46+507814]
GetHandleVerifier [0x00D52864+507076]
GetHandleVerifier [0x00D59F47+537511]
GetHandleVerifier [0x00D53402+510050]
Ordinal0 [0x00C4F29C+1110684]
Ordinal0 [0x00C5938B+1151883]
Ordinal0 [0x00C594F3+1152243]
Ordinal0 [0x00C583F5+1147893]
BaseThreadInitThunk [0x75BA6359+25]
RtlGetAppContainerNamedObjectPath [0x778F7B74+228]
RtlGetAppContainerNamedObjectPath [0x778F7B44+180]

at sun.reflect.NativeConstructorAccessorImpl.newInstance0(Native Method)
at sun.reflect.NativeConstructorAccessorImpl.newInstance(Unknown Source)
at sun.reflect.DelegatingConstructorAccessorImpl.newInstance(Unknown Source)
at java.lang.reflect.Constructor.newInstance(Unknown Source)
at org.openqa.selenium.remote.W3CHandshakeResponse.lambda$errorHandler$0(W3CHandshakeResponse.java:62)
at org.openqa.selenium.remote.HandshakeResponse.lambda$getResponseFunction$0(HandshakeResponse.java:30)
at org.openqa.selenium.remote.ProtocolHandshake.lambda$createSession$0(ProtocolHandshake.java:126)
at java.util.stream.ReferencePipeline$3$1.accept(Unknown Source)
at java.util.Spliterators$ArraySpliterator.tryAdvance(Unknown Source)
at java.util.stream.ReferencePipeline.forEachWithCancel(Unknown Source)
at java.util.stream.AbstractPipeline.copyIntoWithCancel(Unknown Source)
at java.util.stream.AbstractPipeline.copyInto(Unknown Source)
at java.util.stream.AbstractPipeline.wrapAndCopyInto(Unknown Source)
at java.util.stream.FindOps$FindOp.evaluateSequential(Unknown Source)
at java.util.stream.AbstractPipeline.evaluate(Unknown Source)
at java.util.stream.ReferencePipeline.findFirst(Unknown Source)
at org.openqa.selenium.remote.ProtocolHandshake.createSession(ProtocolHandshake.java:128)
at org.openqa.selenium.remote.ProtocolHandshake.createSession(ProtocolHandshake.java:74)
at org.openqa.selenium.remote.HttpCommandExecutor.execute(HttpCommandExecutor.java:136)
at org.openqa.selenium.remote.service.DriverCommandExecutor.execute(DriverCommandExecutor.java:83)
at org.openqa.selenium.remote.RemoteWebDriver.execute(RemoteWebDriver.java:552)
at org.openqa.selenium.remote.RemoteWebDriver.startSession(RemoteWebDriver.java:213)
at org.openqa.selenium.remote.RemoteWebDriver.<init>(RemoteWebDriver.java:131)
at org.openqa.selenium.chrome.ChromeDriver.<init>(ChromeDriver.java:181)
at org.openqa.selenium.chrome.ChromeDriver.<init>(ChromeDriver.java:168)
at org.openqa.selenium.chrome.ChromeDriver.<init>(ChromeDriver.java:123)
at com.pom.utils.TestBase.intilizeDriver(TestBase.java:13)
at com.testcases.S78945_EditAccount_ValidationTest.beforeMethod(S78945_EditAccount_ValidationTest.java:8)
at sun.reflect.NativeMethodAccessorImpl.invoke0(Native Method)
at sun.reflect.NativeMethodAccessorImpl.invoke(Unknown Source)
at sun.reflect.DelegatingMethodAccessorImpl.invoke(Unknown Source)
at java.lang.reflect.Method.invoke(Unknown Source)
at org.testng.internal.MethodInvocationHelper.invokeMethod(MethodInvocationHelper.java:133)
at org.testng.internal.MethodInvocationHelper.invokeMethodConsideringTimeout(MethodInvocationHelper.java:62)
at org.testng.internal.ConfigInvoker.invokeConfigurationMethod(ConfigInvoker.java:340)
at org.testng.internal.ConfigInvoker.invokeConfigurations(ConfigInvoker.java:294)
at org.testng.internal.TestInvoker.runConfigMethods(TestInvoker.java:683)
at org.testng.internal.TestInvoker.invokeMethod(TestInvoker.java:510)
at org.testng.internal.TestInvoker.invokeTestMethod(TestInvoker.java:172)
at org.testng.internal.MethodRunner.runInSequence(MethodRunner.java:46)
at org.testng.internal.TestInvoker$MethodInvocationAgent.invoke(TestInvoker.java:804)
at org.testng.internal.TestInvoker.invokeTestMethods(TestInvoker.java:145)
at org.testng.internal.TestMethodWorker.invokeTestMethods(TestMethodWorker.java:146)
at org.testng.internal.TestMethodWorker.run(TestMethodWorker.java:128)
at java.util.ArrayList.forEach(Unknown Source)
at org.testng.TestRunner.privateRun(TestRunner.java:770)
at org.testng.TestRunner.run(TestRunner.java:591)
at org.testng.SuiteRunner.runTest(SuiteRunner.java:402)
at org.testng.SuiteRunner.runSequentially(SuiteRunner.java:396)
at org.testng.SuiteRunner.privateRun(SuiteRunner.java:355)
at org.testng.SuiteRunner.run(SuiteRunner.java:304)
at org.testng.SuiteRunnerWorker.runSuite(SuiteRunnerWorker.java:53)
at org.testng.SuiteRunnerWorker.run(SuiteRunnerWorker.java:96)
at org.testng.TestNG.runSuitesSequentially(TestNG.java:1180)
at org.testng.TestNG.runSuitesLocally(TestNG.java:1102)
at org.testng.TestNG.runSuites(TestNG.java:1032)
at org.testng.TestNG.run(TestNG.java:1000)
at org.testng.remote.AbstractRemoteTestNG.run(AbstractRemoteTestNG.java:115)
at org.testng.remote.RemoteTestNG.initAndRun(RemoteTestNG.java:251)
at org.testng.remote.RemoteTestNG.main(RemoteTestNG.java:77)
]]>
            </full-stacktrace>
          </exception> <!-- org.openqa.selenium.SessionNotCreatedException -->
          <reporter-output>
          </reporter-output>
        </test-method> <!-- editAccountTestCase -->
      </class> <!-- com.testcases.S78945_EditAccount_ValidationTest -->
      <class name="com.testcases.S23467_Create_Account_ValidationTest">
        <test-method status="FAIL" signature="beforeMethod()[pri:0, instance:com.testcases.S23467_Create_Account_ValidationTest@68bbe345]" name="beforeMethod" is-config="true" duration-ms="20113" started-at="2020-01-03T15:18:48 IST" finished-at="2020-01-03T15:19:08 IST">
          <exception class="org.openqa.selenium.SessionNotCreatedException">
            <message>
              <![CDATA[session not created
from disconnected: received Inspector.detached event
  (Session info: chrome=79.0.3945.88)
Build info: version: '3.141.59', revision: 'e82be7d358', time: '2018-11-14T08:17:03'
System info: host: 'LAPTOP-DVRGHC2L', ip: '192.168.0.51', os.name: 'Windows 10', os.arch: 'amd64', os.version: '10.0', java.version: '1.8.0_231'
Driver info: driver.version: ChromeDriver
remote stacktrace: Backtrace:
Ordinal0 [0x00CBA113+1548563]
Ordinal0 [0x00C3DDA1+1039777]
Ordinal0 [0x00BBE485+517253]
Ordinal0 [0x00BB70CB+487627]
Ordinal0 [0x00BB6CE9+486633]
Ordinal0 [0x00BB65E8+484840]
Ordinal0 [0x00BB5D33+482611]
Ordinal0 [0x00BB5E75+482933]
Ordinal0 [0x00BB59B5+481717]
Ordinal0 [0x00BBD1E5+512485]
Ordinal0 [0x00BB5968+481640]
Ordinal0 [0x00BB628B+483979]
Ordinal0 [0x00BB5D33+482611]
Ordinal0 [0x00BB5E75+482933]
Ordinal0 [0x00BB59B5+481717]
Ordinal0 [0x00BBBB0E+506638]
Ordinal0 [0x00BB5968+481640]
Ordinal0 [0x00BB628B+483979]
Ordinal0 [0x00BB5D33+482611]
Ordinal0 [0x00BB5E75+482933]
Ordinal0 [0x00BB59B5+481717]
Ordinal0 [0x00BBA37C+500604]
Ordinal0 [0x00BB5968+481640]
Ordinal0 [0x00BB628B+483979]
Ordinal0 [0x00BB5D33+482611]
Ordinal0 [0x00BB5E75+482933]
Ordinal0 [0x00BB59B5+481717]
Ordinal0 [0x00BB9A17+498199]
Ordinal0 [0x00BB5968+481640]
Ordinal0 [0x00BB628B+483979]
Ordinal0 [0x00BB5D33+482611]
Ordinal0 [0x00BB5E75+482933]
Ordinal0 [0x00BB59B5+481717]
Ordinal0 [0x00BB256C+468332]
Ordinal0 [0x00BB5968+481640]
Ordinal0 [0x00BB5844+481348]
Ordinal0 [0x00BBF0D0+520400]
Ordinal0 [0x00B6C030+180272]
Ordinal0 [0x00B6B59D+177565]
Ordinal0 [0x00B695FB+169467]
Ordinal0 [0x00B5160A+71178]
Ordinal0 [0x00B52690+75408]
Ordinal0 [0x00B52629+75305]
Ordinal0 [0x00C571B7+1143223]
GetHandleVerifier [0x00D52B46+507814]
GetHandleVerifier [0x00D52864+507076]
GetHandleVerifier [0x00D59F47+537511]
GetHandleVerifier [0x00D53402+510050]
Ordinal0 [0x00C4F29C+1110684]
Ordinal0 [0x00C5938B+1151883]
Ordinal0 [0x00C594F3+1152243]
Ordinal0 [0x00C583F5+1147893]
BaseThreadInitThunk [0x75BA6359+25]
RtlGetAppContainerNamedObjectPath [0x778F7B74+228]
RtlGetAppContainerNamedObjectPath [0x778F7B44+180]
]]>
            </message>
            <full-stacktrace>
              <![CDATA[org.openqa.selenium.SessionNotCreatedException: session not created
from disconnected: received Inspector.detached event
  (Session info: chrome=79.0.3945.88)
Build info: version: '3.141.59', revision: 'e82be7d358', time: '2018-11-14T08:17:03'
System info: host: 'LAPTOP-DVRGHC2L', ip: '192.168.0.51', os.name: 'Windows 10', os.arch: 'amd64', os.version: '10.0', java.version: '1.8.0_231'
Driver info: driver.version: ChromeDriver
remote stacktrace: Backtrace:
Ordinal0 [0x00CBA113+1548563]
Ordinal0 [0x00C3DDA1+1039777]
Ordinal0 [0x00BBE485+517253]
Ordinal0 [0x00BB70CB+487627]
Ordinal0 [0x00BB6CE9+486633]
Ordinal0 [0x00BB65E8+484840]
Ordinal0 [0x00BB5D33+482611]
Ordinal0 [0x00BB5E75+482933]
Ordinal0 [0x00BB59B5+481717]
Ordinal0 [0x00BBD1E5+512485]
Ordinal0 [0x00BB5968+481640]
Ordinal0 [0x00BB628B+483979]
Ordinal0 [0x00BB5D33+482611]
Ordinal0 [0x00BB5E75+482933]
Ordinal0 [0x00BB59B5+481717]
Ordinal0 [0x00BBBB0E+506638]
Ordinal0 [0x00BB5968+481640]
Ordinal0 [0x00BB628B+483979]
Ordinal0 [0x00BB5D33+482611]
Ordinal0 [0x00BB5E75+482933]
Ordinal0 [0x00BB59B5+481717]
Ordinal0 [0x00BBA37C+500604]
Ordinal0 [0x00BB5968+481640]
Ordinal0 [0x00BB628B+483979]
Ordinal0 [0x00BB5D33+482611]
Ordinal0 [0x00BB5E75+482933]
Ordinal0 [0x00BB59B5+481717]
Ordinal0 [0x00BB9A17+498199]
Ordinal0 [0x00BB5968+481640]
Ordinal0 [0x00BB628B+483979]
Ordinal0 [0x00BB5D33+482611]
Ordinal0 [0x00BB5E75+482933]
Ordinal0 [0x00BB59B5+481717]
Ordinal0 [0x00BB256C+468332]
Ordinal0 [0x00BB5968+481640]
Ordinal0 [0x00BB5844+481348]
Ordinal0 [0x00BBF0D0+520400]
Ordinal0 [0x00B6C030+180272]
Ordinal0 [0x00B6B59D+177565]
Ordinal0 [0x00B695FB+169467]
Ordinal0 [0x00B5160A+71178]
Ordinal0 [0x00B52690+75408]
Ordinal0 [0x00B52629+75305]
Ordinal0 [0x00C571B7+1143223]
GetHandleVerifier [0x00D52B46+507814]
GetHandleVerifier [0x00D52864+507076]
GetHandleVerifier [0x00D59F47+537511]
GetHandleVerifier [0x00D53402+510050]
Ordinal0 [0x00C4F29C+1110684]
Ordinal0 [0x00C5938B+1151883]
Ordinal0 [0x00C594F3+1152243]
Ordinal0 [0x00C583F5+1147893]
BaseThreadInitThunk [0x75BA6359+25]
RtlGetAppContainerNamedObjectPath [0x778F7B74+228]
RtlGetAppContainerNamedObjectPath [0x778F7B44+180]

at sun.reflect.NativeConstructorAccessorImpl.newInstance0(Native Method)
at sun.reflect.NativeConstructorAccessorImpl.newInstance(Unknown Source)
at sun.reflect.DelegatingConstructorAccessorImpl.newInstance(Unknown Source)
at java.lang.reflect.Constructor.newInstance(Unknown Source)
at org.openqa.selenium.remote.W3CHandshakeResponse.lambda$errorHandler$0(W3CHandshakeResponse.java:62)
at org.openqa.selenium.remote.HandshakeResponse.lambda$getResponseFunction$0(HandshakeResponse.java:30)
at org.openqa.selenium.remote.ProtocolHandshake.lambda$createSession$0(ProtocolHandshake.java:126)
at java.util.stream.ReferencePipeline$3$1.accept(Unknown Source)
at java.util.Spliterators$ArraySpliterator.tryAdvance(Unknown Source)
at java.util.stream.ReferencePipeline.forEachWithCancel(Unknown Source)
at java.util.stream.AbstractPipeline.copyIntoWithCancel(Unknown Source)
at java.util.stream.AbstractPipeline.copyInto(Unknown Source)
at java.util.stream.AbstractPipeline.wrapAndCopyInto(Unknown Source)
at java.util.stream.FindOps$FindOp.evaluateSequential(Unknown Source)
at java.util.stream.AbstractPipeline.evaluate(Unknown Source)
at java.util.stream.ReferencePipeline.findFirst(Unknown Source)
at org.openqa.selenium.remote.ProtocolHandshake.createSession(ProtocolHandshake.java:128)
at org.openqa.selenium.remote.ProtocolHandshake.createSession(ProtocolHandshake.java:74)
at org.openqa.selenium.remote.HttpCommandExecutor.execute(HttpCommandExecutor.java:136)
at org.openqa.selenium.remote.service.DriverCommandExecutor.execute(DriverCommandExecutor.java:83)
at org.openqa.selenium.remote.RemoteWebDriver.execute(RemoteWebDriver.java:552)
at org.openqa.selenium.remote.RemoteWebDriver.startSession(RemoteWebDriver.java:213)
at org.openqa.selenium.remote.RemoteWebDriver.<init>(RemoteWebDriver.java:131)
at org.openqa.selenium.chrome.ChromeDriver.<init>(ChromeDriver.java:181)
at org.openqa.selenium.chrome.ChromeDriver.<init>(ChromeDriver.java:168)
at org.openqa.selenium.chrome.ChromeDriver.<init>(ChromeDriver.java:123)
at com.pom.utils.TestBase.intilizeDriver(TestBase.java:13)
at com.testcases.S23467_Create_Account_ValidationTest.beforeMethod(S23467_Create_Account_ValidationTest.java:23)
at sun.reflect.NativeMethodAccessorImpl.invoke0(Native Method)
at sun.reflect.NativeMethodAccessorImpl.invoke(Unknown Source)
at sun.reflect.DelegatingMethodAccessorImpl.invoke(Unknown Source)
at java.lang.reflect.Method.invoke(Unknown Source)
at org.testng.internal.MethodInvocationHelper.invokeMethod(MethodInvocationHelper.java:133)
at org.testng.internal.MethodInvocationHelper.invokeMethodConsideringTimeout(MethodInvocationHelper.java:62)
at org.testng.internal.ConfigInvoker.invokeConfigurationMethod(ConfigInvoker.java:340)
at org.testng.internal.ConfigInvoker.invokeConfigurations(ConfigInvoker.java:294)
at org.testng.internal.TestInvoker.runConfigMethods(TestInvoker.java:683)
at org.testng.internal.TestInvoker.invokeMethod(TestInvoker.java:510)
at org.testng.internal.TestInvoker.invokeTestMethod(TestInvoker.java:172)
at org.testng.internal.MethodRunner.runInSequence(MethodRunner.java:46)
at org.testng.internal.TestInvoker$MethodInvocationAgent.invoke(TestInvoker.java:804)
at org.testng.internal.TestInvoker.invokeTestMethods(TestInvoker.java:145)
at org.testng.internal.TestMethodWorker.invokeTestMethods(TestMethodWorker.java:146)
at org.testng.internal.TestMethodWorker.run(TestMethodWorker.java:128)
at java.util.ArrayList.forEach(Unknown Source)
at org.testng.TestRunner.privateRun(TestRunner.java:770)
at org.testng.TestRunner.run(TestRunner.java:591)
at org.testng.SuiteRunner.runTest(SuiteRunner.java:402)
at org.testng.SuiteRunner.runSequentially(SuiteRunner.java:396)
at org.testng.SuiteRunner.privateRun(SuiteRunner.java:355)
at org.testng.SuiteRunner.run(SuiteRunner.java:304)
at org.testng.SuiteRunnerWorker.runSuite(SuiteRunnerWorker.java:53)
at org.testng.SuiteRunnerWorker.run(SuiteRunnerWorker.java:96)
at org.testng.TestNG.runSuitesSequentially(TestNG.java:1180)
at org.testng.TestNG.runSuitesLocally(TestNG.java:1102)
at org.testng.TestNG.runSuites(TestNG.java:1032)
at org.testng.TestNG.run(TestNG.java:1000)
at org.testng.remote.AbstractRemoteTestNG.run(AbstractRemoteTestNG.java:115)
at org.testng.remote.RemoteTestNG.initAndRun(RemoteTestNG.java:251)
at org.testng.remote.RemoteTestNG.main(RemoteTestNG.java:77)
]]>
            </full-stacktrace>
          </exception> <!-- org.openqa.selenium.SessionNotCreatedException -->
          <reporter-output>
          </reporter-output>
        </test-method> <!-- beforeMethod -->
        <test-method status="SKIP" signature="createAccountTestCase()[pri:0, instance:com.testcases.S23467_Create_Account_ValidationTest@68bbe345]" name="createAccountTestCase" duration-ms="0" started-at="2020-01-03T15:19:08 IST" finished-at="2020-01-03T15:19:08 IST">
          <exception class="org.openqa.selenium.SessionNotCreatedException">
            <message>
              <![CDATA[session not created
from disconnected: received Inspector.detached event
  (Session info: chrome=79.0.3945.88)
Build info: version: '3.141.59', revision: 'e82be7d358', time: '2018-11-14T08:17:03'
System info: host: 'LAPTOP-DVRGHC2L', ip: '192.168.0.51', os.name: 'Windows 10', os.arch: 'amd64', os.version: '10.0', java.version: '1.8.0_231'
Driver info: driver.version: ChromeDriver
remote stacktrace: Backtrace:
Ordinal0 [0x00CBA113+1548563]
Ordinal0 [0x00C3DDA1+1039777]
Ordinal0 [0x00BBE485+517253]
Ordinal0 [0x00BB70CB+487627]
Ordinal0 [0x00BB6CE9+486633]
Ordinal0 [0x00BB65E8+484840]
Ordinal0 [0x00BB5D33+482611]
Ordinal0 [0x00BB5E75+482933]
Ordinal0 [0x00BB59B5+481717]
Ordinal0 [0x00BBD1E5+512485]
Ordinal0 [0x00BB5968+481640]
Ordinal0 [0x00BB628B+483979]
Ordinal0 [0x00BB5D33+482611]
Ordinal0 [0x00BB5E75+482933]
Ordinal0 [0x00BB59B5+481717]
Ordinal0 [0x00BBBB0E+506638]
Ordinal0 [0x00BB5968+481640]
Ordinal0 [0x00BB628B+483979]
Ordinal0 [0x00BB5D33+482611]
Ordinal0 [0x00BB5E75+482933]
Ordinal0 [0x00BB59B5+481717]
Ordinal0 [0x00BBA37C+500604]
Ordinal0 [0x00BB5968+481640]
Ordinal0 [0x00BB628B+483979]
Ordinal0 [0x00BB5D33+482611]
Ordinal0 [0x00BB5E75+482933]
Ordinal0 [0x00BB59B5+481717]
Ordinal0 [0x00BB9A17+498199]
Ordinal0 [0x00BB5968+481640]
Ordinal0 [0x00BB628B+483979]
Ordinal0 [0x00BB5D33+482611]
Ordinal0 [0x00BB5E75+482933]
Ordinal0 [0x00BB59B5+481717]
Ordinal0 [0x00BB256C+468332]
Ordinal0 [0x00BB5968+481640]
Ordinal0 [0x00BB5844+481348]
Ordinal0 [0x00BBF0D0+520400]
Ordinal0 [0x00B6C030+180272]
Ordinal0 [0x00B6B59D+177565]
Ordinal0 [0x00B695FB+169467]
Ordinal0 [0x00B5160A+71178]
Ordinal0 [0x00B52690+75408]
Ordinal0 [0x00B52629+75305]
Ordinal0 [0x00C571B7+1143223]
GetHandleVerifier [0x00D52B46+507814]
GetHandleVerifier [0x00D52864+507076]
GetHandleVerifier [0x00D59F47+537511]
GetHandleVerifier [0x00D53402+510050]
Ordinal0 [0x00C4F29C+1110684]
Ordinal0 [0x00C5938B+1151883]
Ordinal0 [0x00C594F3+1152243]
Ordinal0 [0x00C583F5+1147893]
BaseThreadInitThunk [0x75BA6359+25]
RtlGetAppContainerNamedObjectPath [0x778F7B74+228]
RtlGetAppContainerNamedObjectPath [0x778F7B44+180]
]]>
            </message>
            <full-stacktrace>
              <![CDATA[org.openqa.selenium.SessionNotCreatedException: session not created
from disconnected: received Inspector.detached event
  (Session info: chrome=79.0.3945.88)
Build info: version: '3.141.59', revision: 'e82be7d358', time: '2018-11-14T08:17:03'
System info: host: 'LAPTOP-DVRGHC2L', ip: '192.168.0.51', os.name: 'Windows 10', os.arch: 'amd64', os.version: '10.0', java.version: '1.8.0_231'
Driver info: driver.version: ChromeDriver
remote stacktrace: Backtrace:
Ordinal0 [0x00CBA113+1548563]
Ordinal0 [0x00C3DDA1+1039777]
Ordinal0 [0x00BBE485+517253]
Ordinal0 [0x00BB70CB+487627]
Ordinal0 [0x00BB6CE9+486633]
Ordinal0 [0x00BB65E8+484840]
Ordinal0 [0x00BB5D33+482611]
Ordinal0 [0x00BB5E75+482933]
Ordinal0 [0x00BB59B5+481717]
Ordinal0 [0x00BBD1E5+512485]
Ordinal0 [0x00BB5968+481640]
Ordinal0 [0x00BB628B+483979]
Ordinal0 [0x00BB5D33+482611]
Ordinal0 [0x00BB5E75+482933]
Ordinal0 [0x00BB59B5+481717]
Ordinal0 [0x00BBBB0E+506638]
Ordinal0 [0x00BB5968+481640]
Ordinal0 [0x00BB628B+483979]
Ordinal0 [0x00BB5D33+482611]
Ordinal0 [0x00BB5E75+482933]
Ordinal0 [0x00BB59B5+481717]
Ordinal0 [0x00BBA37C+500604]
Ordinal0 [0x00BB5968+481640]
Ordinal0 [0x00BB628B+483979]
Ordinal0 [0x00BB5D33+482611]
Ordinal0 [0x00BB5E75+482933]
Ordinal0 [0x00BB59B5+481717]
Ordinal0 [0x00BB9A17+498199]
Ordinal0 [0x00BB5968+481640]
Ordinal0 [0x00BB628B+483979]
Ordinal0 [0x00BB5D33+482611]
Ordinal0 [0x00BB5E75+482933]
Ordinal0 [0x00BB59B5+481717]
Ordinal0 [0x00BB256C+468332]
Ordinal0 [0x00BB5968+481640]
Ordinal0 [0x00BB5844+481348]
Ordinal0 [0x00BBF0D0+520400]
Ordinal0 [0x00B6C030+180272]
Ordinal0 [0x00B6B59D+177565]
Ordinal0 [0x00B695FB+169467]
Ordinal0 [0x00B5160A+71178]
Ordinal0 [0x00B52690+75408]
Ordinal0 [0x00B52629+75305]
Ordinal0 [0x00C571B7+1143223]
GetHandleVerifier [0x00D52B46+507814]
GetHandleVerifier [0x00D52864+507076]
GetHandleVerifier [0x00D59F47+537511]
GetHandleVerifier [0x00D53402+510050]
Ordinal0 [0x00C4F29C+1110684]
Ordinal0 [0x00C5938B+1151883]
Ordinal0 [0x00C594F3+1152243]
Ordinal0 [0x00C583F5+1147893]
BaseThreadInitThunk [0x75BA6359+25]
RtlGetAppContainerNamedObjectPath [0x778F7B74+228]
RtlGetAppContainerNamedObjectPath [0x778F7B44+180]

at sun.reflect.NativeConstructorAccessorImpl.newInstance0(Native Method)
at sun.reflect.NativeConstructorAccessorImpl.newInstance(Unknown Source)
at sun.reflect.DelegatingConstructorAccessorImpl.newInstance(Unknown Source)
at java.lang.reflect.Constructor.newInstance(Unknown Source)
at org.openqa.selenium.remote.W3CHandshakeResponse.lambda$errorHandler$0(W3CHandshakeResponse.java:62)
at org.openqa.selenium.remote.HandshakeResponse.lambda$getResponseFunction$0(HandshakeResponse.java:30)
at org.openqa.selenium.remote.ProtocolHandshake.lambda$createSession$0(ProtocolHandshake.java:126)
at java.util.stream.ReferencePipeline$3$1.accept(Unknown Source)
at java.util.Spliterators$ArraySpliterator.tryAdvance(Unknown Source)
at java.util.stream.ReferencePipeline.forEachWithCancel(Unknown Source)
at java.util.stream.AbstractPipeline.copyIntoWithCancel(Unknown Source)
at java.util.stream.AbstractPipeline.copyInto(Unknown Source)
at java.util.stream.AbstractPipeline.wrapAndCopyInto(Unknown Source)
at java.util.stream.FindOps$FindOp.evaluateSequential(Unknown Source)
at java.util.stream.AbstractPipeline.evaluate(Unknown Source)
at java.util.stream.ReferencePipeline.findFirst(Unknown Source)
at org.openqa.selenium.remote.ProtocolHandshake.createSession(ProtocolHandshake.java:128)
at org.openqa.selenium.remote.ProtocolHandshake.createSession(ProtocolHandshake.java:74)
at org.openqa.selenium.remote.HttpCommandExecutor.execute(HttpCommandExecutor.java:136)
at org.openqa.selenium.remote.service.DriverCommandExecutor.execute(DriverCommandExecutor.java:83)
at org.openqa.selenium.remote.RemoteWebDriver.execute(RemoteWebDriver.java:552)
at org.openqa.selenium.remote.RemoteWebDriver.startSession(RemoteWebDriver.java:213)
at org.openqa.selenium.remote.RemoteWebDriver.<init>(RemoteWebDriver.java:131)
at org.openqa.selenium.chrome.ChromeDriver.<init>(ChromeDriver.java:181)
at org.openqa.selenium.chrome.ChromeDriver.<init>(ChromeDriver.java:168)
at org.openqa.selenium.chrome.ChromeDriver.<init>(ChromeDriver.java:123)
at com.pom.utils.TestBase.intilizeDriver(TestBase.java:13)
at com.testcases.S23467_Create_Account_ValidationTest.beforeMethod(S23467_Create_Account_ValidationTest.java:23)
at sun.reflect.NativeMethodAccessorImpl.invoke0(Native Method)
at sun.reflect.NativeMethodAccessorImpl.invoke(Unknown Source)
at sun.reflect.DelegatingMethodAccessorImpl.invoke(Unknown Source)
at java.lang.reflect.Method.invoke(Unknown Source)
at org.testng.internal.MethodInvocationHelper.invokeMethod(MethodInvocationHelper.java:133)
at org.testng.internal.MethodInvocationHelper.invokeMethodConsideringTimeout(MethodInvocationHelper.java:62)
at org.testng.internal.ConfigInvoker.invokeConfigurationMethod(ConfigInvoker.java:340)
at org.testng.internal.ConfigInvoker.invokeConfigurations(ConfigInvoker.java:294)
at org.testng.internal.TestInvoker.runConfigMethods(TestInvoker.java:683)
at org.testng.internal.TestInvoker.invokeMethod(TestInvoker.java:510)
at org.testng.internal.TestInvoker.invokeTestMethod(TestInvoker.java:172)
at org.testng.internal.MethodRunner.runInSequence(MethodRunner.java:46)
at org.testng.internal.TestInvoker$MethodInvocationAgent.invoke(TestInvoker.java:804)
at org.testng.internal.TestInvoker.invokeTestMethods(TestInvoker.java:145)
at org.testng.internal.TestMethodWorker.invokeTestMethods(TestMethodWorker.java:146)
at org.testng.internal.TestMethodWorker.run(TestMethodWorker.java:128)
at java.util.ArrayList.forEach(Unknown Source)
at org.testng.TestRunner.privateRun(TestRunner.java:770)
at org.testng.TestRunner.run(TestRunner.java:591)
at org.testng.SuiteRunner.runTest(SuiteRunner.java:402)
at org.testng.SuiteRunner.runSequentially(SuiteRunner.java:396)
at org.testng.SuiteRunner.privateRun(SuiteRunner.java:355)
at org.testng.SuiteRunner.run(SuiteRunner.java:304)
at org.testng.SuiteRunnerWorker.runSuite(SuiteRunnerWorker.java:53)
at org.testng.SuiteRunnerWorker.run(SuiteRunnerWorker.java:96)
at org.testng.TestNG.runSuitesSequentially(TestNG.java:1180)
at org.testng.TestNG.runSuitesLocally(TestNG.java:1102)
at org.testng.TestNG.runSuites(TestNG.java:1032)
at org.testng.TestNG.run(TestNG.java:1000)
at org.testng.remote.AbstractRemoteTestNG.run(AbstractRemoteTestNG.java:115)
at org.testng.remote.RemoteTestNG.initAndRun(RemoteTestNG.java:251)
at org.testng.remote.RemoteTestNG.main(RemoteTestNG.java:77)
]]>
            </full-stacktrace>
          </exception> <!-- org.openqa.selenium.SessionNotCreatedException -->
          <reporter-output>
          </reporter-output>
        </test-method> <!-- createAccountTestCase -->
        <test-method status="SKIP" signature="beforeMethod()[pri:0, instance:com.testcases.S23467_Create_Account_ValidationTest@68bbe345]" name="beforeMethod" is-config="true" duration-ms="-1578044948381" started-at="2020-01-03T15:19:08 IST" finished-at="1970-01-01T05:30:00 IST">
          <reporter-output>
          </reporter-output>
        </test-method> <!-- beforeMethod -->
        <test-method status="SKIP" signature="editAccountTestCase()[pri:0, instance:com.testcases.S23467_Create_Account_ValidationTest@68bbe345]" name="editAccountTestCase" duration-ms="0" started-at="2020-01-03T15:19:08 IST" finished-at="2020-01-03T15:19:08 IST">
          <exception class="org.openqa.selenium.SessionNotCreatedException">
            <message>
              <![CDATA[session not created
from disconnected: received Inspector.detached event
  (Session info: chrome=79.0.3945.88)
Build info: version: '3.141.59', revision: 'e82be7d358', time: '2018-11-14T08:17:03'
System info: host: 'LAPTOP-DVRGHC2L', ip: '192.168.0.51', os.name: 'Windows 10', os.arch: 'amd64', os.version: '10.0', java.version: '1.8.0_231'
Driver info: driver.version: ChromeDriver
remote stacktrace: Backtrace:
Ordinal0 [0x00CBA113+1548563]
Ordinal0 [0x00C3DDA1+1039777]
Ordinal0 [0x00BBE485+517253]
Ordinal0 [0x00BB70CB+487627]
Ordinal0 [0x00BB6CE9+486633]
Ordinal0 [0x00BB65E8+484840]
Ordinal0 [0x00BB5D33+482611]
Ordinal0 [0x00BB5E75+482933]
Ordinal0 [0x00BB59B5+481717]
Ordinal0 [0x00BBD1E5+512485]
Ordinal0 [0x00BB5968+481640]
Ordinal0 [0x00BB628B+483979]
Ordinal0 [0x00BB5D33+482611]
Ordinal0 [0x00BB5E75+482933]
Ordinal0 [0x00BB59B5+481717]
Ordinal0 [0x00BBBB0E+506638]
Ordinal0 [0x00BB5968+481640]
Ordinal0 [0x00BB628B+483979]
Ordinal0 [0x00BB5D33+482611]
Ordinal0 [0x00BB5E75+482933]
Ordinal0 [0x00BB59B5+481717]
Ordinal0 [0x00BBA37C+500604]
Ordinal0 [0x00BB5968+481640]
Ordinal0 [0x00BB628B+483979]
Ordinal0 [0x00BB5D33+482611]
Ordinal0 [0x00BB5E75+482933]
Ordinal0 [0x00BB59B5+481717]
Ordinal0 [0x00BB9A17+498199]
Ordinal0 [0x00BB5968+481640]
Ordinal0 [0x00BB628B+483979]
Ordinal0 [0x00BB5D33+482611]
Ordinal0 [0x00BB5E75+482933]
Ordinal0 [0x00BB59B5+481717]
Ordinal0 [0x00BB256C+468332]
Ordinal0 [0x00BB5968+481640]
Ordinal0 [0x00BB5844+481348]
Ordinal0 [0x00BBF0D0+520400]
Ordinal0 [0x00B6C030+180272]
Ordinal0 [0x00B6B59D+177565]
Ordinal0 [0x00B695FB+169467]
Ordinal0 [0x00B5160A+71178]
Ordinal0 [0x00B52690+75408]
Ordinal0 [0x00B52629+75305]
Ordinal0 [0x00C571B7+1143223]
GetHandleVerifier [0x00D52B46+507814]
GetHandleVerifier [0x00D52864+507076]
GetHandleVerifier [0x00D59F47+537511]
GetHandleVerifier [0x00D53402+510050]
Ordinal0 [0x00C4F29C+1110684]
Ordinal0 [0x00C5938B+1151883]
Ordinal0 [0x00C594F3+1152243]
Ordinal0 [0x00C583F5+1147893]
BaseThreadInitThunk [0x75BA6359+25]
RtlGetAppContainerNamedObjectPath [0x778F7B74+228]
RtlGetAppContainerNamedObjectPath [0x778F7B44+180]
]]>
            </message>
            <full-stacktrace>
              <![CDATA[org.openqa.selenium.SessionNotCreatedException: session not created
from disconnected: received Inspector.detached event
  (Session info: chrome=79.0.3945.88)
Build info: version: '3.141.59', revision: 'e82be7d358', time: '2018-11-14T08:17:03'
System info: host: 'LAPTOP-DVRGHC2L', ip: '192.168.0.51', os.name: 'Windows 10', os.arch: 'amd64', os.version: '10.0', java.version: '1.8.0_231'
Driver info: driver.version: ChromeDriver
remote stacktrace: Backtrace:
Ordinal0 [0x00CBA113+1548563]
Ordinal0 [0x00C3DDA1+1039777]
Ordinal0 [0x00BBE485+517253]
Ordinal0 [0x00BB70CB+487627]
Ordinal0 [0x00BB6CE9+486633]
Ordinal0 [0x00BB65E8+484840]
Ordinal0 [0x00BB5D33+482611]
Ordinal0 [0x00BB5E75+482933]
Ordinal0 [0x00BB59B5+481717]
Ordinal0 [0x00BBD1E5+512485]
Ordinal0 [0x00BB5968+481640]
Ordinal0 [0x00BB628B+483979]
Ordinal0 [0x00BB5D33+482611]
Ordinal0 [0x00BB5E75+482933]
Ordinal0 [0x00BB59B5+481717]
Ordinal0 [0x00BBBB0E+506638]
Ordinal0 [0x00BB5968+481640]
Ordinal0 [0x00BB628B+483979]
Ordinal0 [0x00BB5D33+482611]
Ordinal0 [0x00BB5E75+482933]
Ordinal0 [0x00BB59B5+481717]
Ordinal0 [0x00BBA37C+500604]
Ordinal0 [0x00BB5968+481640]
Ordinal0 [0x00BB628B+483979]
Ordinal0 [0x00BB5D33+482611]
Ordinal0 [0x00BB5E75+482933]
Ordinal0 [0x00BB59B5+481717]
Ordinal0 [0x00BB9A17+498199]
Ordinal0 [0x00BB5968+481640]
Ordinal0 [0x00BB628B+483979]
Ordinal0 [0x00BB5D33+482611]
Ordinal0 [0x00BB5E75+482933]
Ordinal0 [0x00BB59B5+481717]
Ordinal0 [0x00BB256C+468332]
Ordinal0 [0x00BB5968+481640]
Ordinal0 [0x00BB5844+481348]
Ordinal0 [0x00BBF0D0+520400]
Ordinal0 [0x00B6C030+180272]
Ordinal0 [0x00B6B59D+177565]
Ordinal0 [0x00B695FB+169467]
Ordinal0 [0x00B5160A+71178]
Ordinal0 [0x00B52690+75408]
Ordinal0 [0x00B52629+75305]
Ordinal0 [0x00C571B7+1143223]
GetHandleVerifier [0x00D52B46+507814]
GetHandleVerifier [0x00D52864+507076]
GetHandleVerifier [0x00D59F47+537511]
GetHandleVerifier [0x00D53402+510050]
Ordinal0 [0x00C4F29C+1110684]
Ordinal0 [0x00C5938B+1151883]
Ordinal0 [0x00C594F3+1152243]
Ordinal0 [0x00C583F5+1147893]
BaseThreadInitThunk [0x75BA6359+25]
RtlGetAppContainerNamedObjectPath [0x778F7B74+228]
RtlGetAppContainerNamedObjectPath [0x778F7B44+180]

at sun.reflect.NativeConstructorAccessorImpl.newInstance0(Native Method)
at sun.reflect.NativeConstructorAccessorImpl.newInstance(Unknown Source)
at sun.reflect.DelegatingConstructorAccessorImpl.newInstance(Unknown Source)
at java.lang.reflect.Constructor.newInstance(Unknown Source)
at org.openqa.selenium.remote.W3CHandshakeResponse.lambda$errorHandler$0(W3CHandshakeResponse.java:62)
at org.openqa.selenium.remote.HandshakeResponse.lambda$getResponseFunction$0(HandshakeResponse.java:30)
at org.openqa.selenium.remote.ProtocolHandshake.lambda$createSession$0(ProtocolHandshake.java:126)
at java.util.stream.ReferencePipeline$3$1.accept(Unknown Source)
at java.util.Spliterators$ArraySpliterator.tryAdvance(Unknown Source)
at java.util.stream.ReferencePipeline.forEachWithCancel(Unknown Source)
at java.util.stream.AbstractPipeline.copyIntoWithCancel(Unknown Source)
at java.util.stream.AbstractPipeline.copyInto(Unknown Source)
at java.util.stream.AbstractPipeline.wrapAndCopyInto(Unknown Source)
at java.util.stream.FindOps$FindOp.evaluateSequential(Unknown Source)
at java.util.stream.AbstractPipeline.evaluate(Unknown Source)
at java.util.stream.ReferencePipeline.findFirst(Unknown Source)
at org.openqa.selenium.remote.ProtocolHandshake.createSession(ProtocolHandshake.java:128)
at org.openqa.selenium.remote.ProtocolHandshake.createSession(ProtocolHandshake.java:74)
at org.openqa.selenium.remote.HttpCommandExecutor.execute(HttpCommandExecutor.java:136)
at org.openqa.selenium.remote.service.DriverCommandExecutor.execute(DriverCommandExecutor.java:83)
at org.openqa.selenium.remote.RemoteWebDriver.execute(RemoteWebDriver.java:552)
at org.openqa.selenium.remote.RemoteWebDriver.startSession(RemoteWebDriver.java:213)
at org.openqa.selenium.remote.RemoteWebDriver.<init>(RemoteWebDriver.java:131)
at org.openqa.selenium.chrome.ChromeDriver.<init>(ChromeDriver.java:181)
at org.openqa.selenium.chrome.ChromeDriver.<init>(ChromeDriver.java:168)
at org.openqa.selenium.chrome.ChromeDriver.<init>(ChromeDriver.java:123)
at com.pom.utils.TestBase.intilizeDriver(TestBase.java:13)
at com.testcases.S23467_Create_Account_ValidationTest.beforeMethod(S23467_Create_Account_ValidationTest.java:23)
at sun.reflect.NativeMethodAccessorImpl.invoke0(Native Method)
at sun.reflect.NativeMethodAccessorImpl.invoke(Unknown Source)
at sun.reflect.DelegatingMethodAccessorImpl.invoke(Unknown Source)
at java.lang.reflect.Method.invoke(Unknown Source)
at org.testng.internal.MethodInvocationHelper.invokeMethod(MethodInvocationHelper.java:133)
at org.testng.internal.MethodInvocationHelper.invokeMethodConsideringTimeout(MethodInvocationHelper.java:62)
at org.testng.internal.ConfigInvoker.invokeConfigurationMethod(ConfigInvoker.java:340)
at org.testng.internal.ConfigInvoker.invokeConfigurations(ConfigInvoker.java:294)
at org.testng.internal.TestInvoker.runConfigMethods(TestInvoker.java:683)
at org.testng.internal.TestInvoker.invokeMethod(TestInvoker.java:510)
at org.testng.internal.TestInvoker.invokeTestMethod(TestInvoker.java:172)
at org.testng.internal.MethodRunner.runInSequence(MethodRunner.java:46)
at org.testng.internal.TestInvoker$MethodInvocationAgent.invoke(TestInvoker.java:804)
at org.testng.internal.TestInvoker.invokeTestMethods(TestInvoker.java:145)
at org.testng.internal.TestMethodWorker.invokeTestMethods(TestMethodWorker.java:146)
at org.testng.internal.TestMethodWorker.run(TestMethodWorker.java:128)
at java.util.ArrayList.forEach(Unknown Source)
at org.testng.TestRunner.privateRun(TestRunner.java:770)
at org.testng.TestRunner.run(TestRunner.java:591)
at org.testng.SuiteRunner.runTest(SuiteRunner.java:402)
at org.testng.SuiteRunner.runSequentially(SuiteRunner.java:396)
at org.testng.SuiteRunner.privateRun(SuiteRunner.java:355)
at org.testng.SuiteRunner.run(SuiteRunner.java:304)
at org.testng.SuiteRunnerWorker.runSuite(SuiteRunnerWorker.java:53)
at org.testng.SuiteRunnerWorker.run(SuiteRunnerWorker.java:96)
at org.testng.TestNG.runSuitesSequentially(TestNG.java:1180)
at org.testng.TestNG.runSuitesLocally(TestNG.java:1102)
at org.testng.TestNG.runSuites(TestNG.java:1032)
at org.testng.TestNG.run(TestNG.java:1000)
at org.testng.remote.AbstractRemoteTestNG.run(AbstractRemoteTestNG.java:115)
at org.testng.remote.RemoteTestNG.initAndRun(RemoteTestNG.java:251)
at org.testng.remote.RemoteTestNG.main(RemoteTestNG.java:77)
]]>
            </full-stacktrace>
          </exception> <!-- org.openqa.selenium.SessionNotCreatedException -->
          <reporter-output>
          </reporter-output>
        </test-method> <!-- editAccountTestCase -->
        <test-method status="SKIP" signature="beforeMethod()[pri:0, instance:com.testcases.S23467_Create_Account_ValidationTest@68bbe345]" name="beforeMethod" is-config="true" duration-ms="-1578044948392" started-at="2020-01-03T15:19:08 IST" finished-at="1970-01-01T05:30:00 IST">
          <reporter-output>
          </reporter-output>
        </test-method> <!-- beforeMethod -->
        <test-method status="SKIP" signature="m1()[pri:0, instance:com.testcases.S23467_Create_Account_ValidationTest@68bbe345]" name="m1" duration-ms="0" started-at="2020-01-03T15:19:08 IST" finished-at="2020-01-03T15:19:08 IST">
          <exception class="org.openqa.selenium.SessionNotCreatedException">
            <message>
              <![CDATA[session not created
from disconnected: received Inspector.detached event
  (Session info: chrome=79.0.3945.88)
Build info: version: '3.141.59', revision: 'e82be7d358', time: '2018-11-14T08:17:03'
System info: host: 'LAPTOP-DVRGHC2L', ip: '192.168.0.51', os.name: 'Windows 10', os.arch: 'amd64', os.version: '10.0', java.version: '1.8.0_231'
Driver info: driver.version: ChromeDriver
remote stacktrace: Backtrace:
Ordinal0 [0x00CBA113+1548563]
Ordinal0 [0x00C3DDA1+1039777]
Ordinal0 [0x00BBE485+517253]
Ordinal0 [0x00BB70CB+487627]
Ordinal0 [0x00BB6CE9+486633]
Ordinal0 [0x00BB65E8+484840]
Ordinal0 [0x00BB5D33+482611]
Ordinal0 [0x00BB5E75+482933]
Ordinal0 [0x00BB59B5+481717]
Ordinal0 [0x00BBD1E5+512485]
Ordinal0 [0x00BB5968+481640]
Ordinal0 [0x00BB628B+483979]
Ordinal0 [0x00BB5D33+482611]
Ordinal0 [0x00BB5E75+482933]
Ordinal0 [0x00BB59B5+481717]
Ordinal0 [0x00BBBB0E+506638]
Ordinal0 [0x00BB5968+481640]
Ordinal0 [0x00BB628B+483979]
Ordinal0 [0x00BB5D33+482611]
Ordinal0 [0x00BB5E75+482933]
Ordinal0 [0x00BB59B5+481717]
Ordinal0 [0x00BBA37C+500604]
Ordinal0 [0x00BB5968+481640]
Ordinal0 [0x00BB628B+483979]
Ordinal0 [0x00BB5D33+482611]
Ordinal0 [0x00BB5E75+482933]
Ordinal0 [0x00BB59B5+481717]
Ordinal0 [0x00BB9A17+498199]
Ordinal0 [0x00BB5968+481640]
Ordinal0 [0x00BB628B+483979]
Ordinal0 [0x00BB5D33+482611]
Ordinal0 [0x00BB5E75+482933]
Ordinal0 [0x00BB59B5+481717]
Ordinal0 [0x00BB256C+468332]
Ordinal0 [0x00BB5968+481640]
Ordinal0 [0x00BB5844+481348]
Ordinal0 [0x00BBF0D0+520400]
Ordinal0 [0x00B6C030+180272]
Ordinal0 [0x00B6B59D+177565]
Ordinal0 [0x00B695FB+169467]
Ordinal0 [0x00B5160A+71178]
Ordinal0 [0x00B52690+75408]
Ordinal0 [0x00B52629+75305]
Ordinal0 [0x00C571B7+1143223]
GetHandleVerifier [0x00D52B46+507814]
GetHandleVerifier [0x00D52864+507076]
GetHandleVerifier [0x00D59F47+537511]
GetHandleVerifier [0x00D53402+510050]
Ordinal0 [0x00C4F29C+1110684]
Ordinal0 [0x00C5938B+1151883]
Ordinal0 [0x00C594F3+1152243]
Ordinal0 [0x00C583F5+1147893]
BaseThreadInitThunk [0x75BA6359+25]
RtlGetAppContainerNamedObjectPath [0x778F7B74+228]
RtlGetAppContainerNamedObjectPath [0x778F7B44+180]
]]>
            </message>
            <full-stacktrace>
              <![CDATA[org.openqa.selenium.SessionNotCreatedException: session not created
from disconnected: received Inspector.detached event
  (Session info: chrome=79.0.3945.88)
Build info: version: '3.141.59', revision: 'e82be7d358', time: '2018-11-14T08:17:03'
System info: host: 'LAPTOP-DVRGHC2L', ip: '192.168.0.51', os.name: 'Windows 10', os.arch: 'amd64', os.version: '10.0', java.version: '1.8.0_231'
Driver info: driver.version: ChromeDriver
remote stacktrace: Backtrace:
Ordinal0 [0x00CBA113+1548563]
Ordinal0 [0x00C3DDA1+1039777]
Ordinal0 [0x00BBE485+517253]
Ordinal0 [0x00BB70CB+487627]
Ordinal0 [0x00BB6CE9+486633]
Ordinal0 [0x00BB65E8+484840]
Ordinal0 [0x00BB5D33+482611]
Ordinal0 [0x00BB5E75+482933]
Ordinal0 [0x00BB59B5+481717]
Ordinal0 [0x00BBD1E5+512485]
Ordinal0 [0x00BB5968+481640]
Ordinal0 [0x00BB628B+483979]
Ordinal0 [0x00BB5D33+482611]
Ordinal0 [0x00BB5E75+482933]
Ordinal0 [0x00BB59B5+481717]
Ordinal0 [0x00BBBB0E+506638]
Ordinal0 [0x00BB5968+481640]
Ordinal0 [0x00BB628B+483979]
Ordinal0 [0x00BB5D33+482611]
Ordinal0 [0x00BB5E75+482933]
Ordinal0 [0x00BB59B5+481717]
Ordinal0 [0x00BBA37C+500604]
Ordinal0 [0x00BB5968+481640]
Ordinal0 [0x00BB628B+483979]
Ordinal0 [0x00BB5D33+482611]
Ordinal0 [0x00BB5E75+482933]
Ordinal0 [0x00BB59B5+481717]
Ordinal0 [0x00BB9A17+498199]
Ordinal0 [0x00BB5968+481640]
Ordinal0 [0x00BB628B+483979]
Ordinal0 [0x00BB5D33+482611]
Ordinal0 [0x00BB5E75+482933]
Ordinal0 [0x00BB59B5+481717]
Ordinal0 [0x00BB256C+468332]
Ordinal0 [0x00BB5968+481640]
Ordinal0 [0x00BB5844+481348]
Ordinal0 [0x00BBF0D0+520400]
Ordinal0 [0x00B6C030+180272]
Ordinal0 [0x00B6B59D+177565]
Ordinal0 [0x00B695FB+169467]
Ordinal0 [0x00B5160A+71178]
Ordinal0 [0x00B52690+75408]
Ordinal0 [0x00B52629+75305]
Ordinal0 [0x00C571B7+1143223]
GetHandleVerifier [0x00D52B46+507814]
GetHandleVerifier [0x00D52864+507076]
GetHandleVerifier [0x00D59F47+537511]
GetHandleVerifier [0x00D53402+510050]
Ordinal0 [0x00C4F29C+1110684]
Ordinal0 [0x00C5938B+1151883]
Ordinal0 [0x00C594F3+1152243]
Ordinal0 [0x00C583F5+1147893]
BaseThreadInitThunk [0x75BA6359+25]
RtlGetAppContainerNamedObjectPath [0x778F7B74+228]
RtlGetAppContainerNamedObjectPath [0x778F7B44+180]

at sun.reflect.NativeConstructorAccessorImpl.newInstance0(Native Method)
at sun.reflect.NativeConstructorAccessorImpl.newInstance(Unknown Source)
at sun.reflect.DelegatingConstructorAccessorImpl.newInstance(Unknown Source)
at java.lang.reflect.Constructor.newInstance(Unknown Source)
at org.openqa.selenium.remote.W3CHandshakeResponse.lambda$errorHandler$0(W3CHandshakeResponse.java:62)
at org.openqa.selenium.remote.HandshakeResponse.lambda$getResponseFunction$0(HandshakeResponse.java:30)
at org.openqa.selenium.remote.ProtocolHandshake.lambda$createSession$0(ProtocolHandshake.java:126)
at java.util.stream.ReferencePipeline$3$1.accept(Unknown Source)
at java.util.Spliterators$ArraySpliterator.tryAdvance(Unknown Source)
at java.util.stream.ReferencePipeline.forEachWithCancel(Unknown Source)
at java.util.stream.AbstractPipeline.copyIntoWithCancel(Unknown Source)
at java.util.stream.AbstractPipeline.copyInto(Unknown Source)
at java.util.stream.AbstractPipeline.wrapAndCopyInto(Unknown Source)
at java.util.stream.FindOps$FindOp.evaluateSequential(Unknown Source)
at java.util.stream.AbstractPipeline.evaluate(Unknown Source)
at java.util.stream.ReferencePipeline.findFirst(Unknown Source)
at org.openqa.selenium.remote.ProtocolHandshake.createSession(ProtocolHandshake.java:128)
at org.openqa.selenium.remote.ProtocolHandshake.createSession(ProtocolHandshake.java:74)
at org.openqa.selenium.remote.HttpCommandExecutor.execute(HttpCommandExecutor.java:136)
at org.openqa.selenium.remote.service.DriverCommandExecutor.execute(DriverCommandExecutor.java:83)
at org.openqa.selenium.remote.RemoteWebDriver.execute(RemoteWebDriver.java:552)
at org.openqa.selenium.remote.RemoteWebDriver.startSession(RemoteWebDriver.java:213)
at org.openqa.selenium.remote.RemoteWebDriver.<init>(RemoteWebDriver.java:131)
at org.openqa.selenium.chrome.ChromeDriver.<init>(ChromeDriver.java:181)
at org.openqa.selenium.chrome.ChromeDriver.<init>(ChromeDriver.java:168)
at org.openqa.selenium.chrome.ChromeDriver.<init>(ChromeDriver.java:123)
at com.pom.utils.TestBase.intilizeDriver(TestBase.java:13)
at com.testcases.S23467_Create_Account_ValidationTest.beforeMethod(S23467_Create_Account_ValidationTest.java:23)
at sun.reflect.NativeMethodAccessorImpl.invoke0(Native Method)
at sun.reflect.NativeMethodAccessorImpl.invoke(Unknown Source)
at sun.reflect.DelegatingMethodAccessorImpl.invoke(Unknown Source)
at java.lang.reflect.Method.invoke(Unknown Source)
at org.testng.internal.MethodInvocationHelper.invokeMethod(MethodInvocationHelper.java:133)
at org.testng.internal.MethodInvocationHelper.invokeMethodConsideringTimeout(MethodInvocationHelper.java:62)
at org.testng.internal.ConfigInvoker.invokeConfigurationMethod(ConfigInvoker.java:340)
at org.testng.internal.ConfigInvoker.invokeConfigurations(ConfigInvoker.java:294)
at org.testng.internal.TestInvoker.runConfigMethods(TestInvoker.java:683)
at org.testng.internal.TestInvoker.invokeMethod(TestInvoker.java:510)
at org.testng.internal.TestInvoker.invokeTestMethod(TestInvoker.java:172)
at org.testng.internal.MethodRunner.runInSequence(MethodRunner.java:46)
at org.testng.internal.TestInvoker$MethodInvocationAgent.invoke(TestInvoker.java:804)
at org.testng.internal.TestInvoker.invokeTestMethods(TestInvoker.java:145)
at org.testng.internal.TestMethodWorker.invokeTestMethods(TestMethodWorker.java:146)
at org.testng.internal.TestMethodWorker.run(TestMethodWorker.java:128)
at java.util.ArrayList.forEach(Unknown Source)
at org.testng.TestRunner.privateRun(TestRunner.java:770)
at org.testng.TestRunner.run(TestRunner.java:591)
at org.testng.SuiteRunner.runTest(SuiteRunner.java:402)
at org.testng.SuiteRunner.runSequentially(SuiteRunner.java:396)
at org.testng.SuiteRunner.privateRun(SuiteRunner.java:355)
at org.testng.SuiteRunner.run(SuiteRunner.java:304)
at org.testng.SuiteRunnerWorker.runSuite(SuiteRunnerWorker.java:53)
at org.testng.SuiteRunnerWorker.run(SuiteRunnerWorker.java:96)
at org.testng.TestNG.runSuitesSequentially(TestNG.java:1180)
at org.testng.TestNG.runSuitesLocally(TestNG.java:1102)
at org.testng.TestNG.runSuites(TestNG.java:1032)
at org.testng.TestNG.run(TestNG.java:1000)
at org.testng.remote.AbstractRemoteTestNG.run(AbstractRemoteTestNG.java:115)
at org.testng.remote.RemoteTestNG.initAndRun(RemoteTestNG.java:251)
at org.testng.remote.RemoteTestNG.main(RemoteTestNG.java:77)
]]>
            </full-stacktrace>
          </exception> <!-- org.openqa.selenium.SessionNotCreatedException -->
          <reporter-output>
          </reporter-output>
        </test-method> <!-- m1 -->
      </class> <!-- com.testcases.S23467_Create_Account_ValidationTest -->
    </test> <!-- Test -->
  </suite> <!-- Suite -->
</testng-results>
